TN:
SF:src/app.module.ts
FN:36,(anonymous_1)
FNF:1
FNH:0
FNDA:0,(anonymous_1)
DA:1,0
DA:2,0
DA:3,0
DA:4,0
DA:5,0
DA:6,0
DA:7,0
DA:8,0
DA:9,0
DA:10,0
DA:11,0
DA:12,0
DA:13,0
DA:14,0
DA:15,0
DA:16,0
DA:17,0
DA:18,0
DA:19,0
DA:20,0
DA:21,0
DA:22,0
DA:23,0
DA:24,0
DA:25,0
DA:26,0
DA:36,0
DA:68,0
LF:28
LH:0
BRF:0
BRH:0
end_of_record
TN:
SF:src/main.ts
FN:7,bootstrap
FNF:1
FNH:0
FNDA:0,bootstrap
DA:1,0
DA:2,0
DA:3,0
DA:4,0
DA:5,0
DA:8,0
DA:9,0
DA:12,0
DA:13,0
DA:16,0
DA:22,0
DA:32,0
DA:45,0
DA:46,0
DA:56,0
DA:57,0
DA:59,0
DA:60,0
DA:63,0
LF:19
LH:0
BRF:0
BRH:0
end_of_record
TN:
SF:src/common/constants/data-sources.constant.ts
FNF:0
FNH:0
DA:1,0
DA:30,0
DA:45,0
LF:3
LH:0
BRF:0
BRH:0
end_of_record
TN:
SF:src/common/constants/mappings.constant.ts
FNF:0
FNH:0
DA:2,0
DA:22,0
DA:34,0
DA:46,0
DA:53,0
LF:5
LH:0
BRF:0
BRH:0
end_of_record
TN:
SF:src/common/constants/messages.constant.ts
FNF:0
FNH:0
DA:1,1
LF:1
LH:1
BRF:0
BRH:0
end_of_record
TN:
SF:src/common/decorators/current-user.decorator.ts
FN:4,(anonymous_0)
FNF:1
FNH:0
FNDA:0,(anonymous_0)
DA:1,0
DA:3,0
DA:5,0
DA:6,0
DA:7,0
LF:5
LH:0
BRDA:7,0,0,0
BRDA:7,0,1,0
BRF:2
BRH:0
end_of_record
TN:
SF:src/common/decorators/public.decorator.ts
FN:4,(anonymous_0)
FNF:1
FNH:0
FNDA:0,(anonymous_0)
DA:1,0
DA:3,0
DA:4,0
LF:3
LH:0
BRF:0
BRH:0
end_of_record
TN:
SF:src/common/decorators/roles.decorator.ts
FN:5,(anonymous_0)
FNF:1
FNH:0
FNDA:0,(anonymous_0)
DA:1,0
DA:4,0
DA:5,0
LF:3
LH:0
BRF:0
BRH:0
end_of_record
TN:
SF:src/common/dto/pagination.dto.ts
FN:26,(anonymous_2)
FN:8,(anonymous_3)
FN:20,(anonymous_4)
FNF:3
FNH:0
FNDA:0,(anonymous_2)
FNDA:0,(anonymous_3)
FNDA:0,(anonymous_4)
DA:1,0
DA:2,0
DA:3,0
DA:5,0
DA:8,0
DA:11,0
DA:20,0
DA:24,0
DA:27,0
LF:9
LH:0
BRDA:27,0,0,0
BRDA:27,0,1,0
BRDA:27,1,0,0
BRDA:27,1,1,0
BRF:4
BRH:0
end_of_record
TN:
SF:src/common/filters/http-exception.filter.ts
FN:13,(anonymous_1)
FNF:1
FNH:0
FNDA:0,(anonymous_1)
DA:1,0
DA:9,0
DA:12,0
DA:14,0
DA:15,0
DA:17,0
DA:18,0
DA:19,0
DA:21,0
DA:22,0
DA:23,0
DA:25,0
DA:26,0
DA:27,0
DA:28,0
DA:29,0
DA:32,0
DA:36,0
LF:18
LH:0
BRDA:21,0,0,0
BRDA:21,0,1,0
BRDA:25,1,0,0
BRDA:25,1,1,0
BRDA:27,2,0,0
BRDA:27,2,1,0
BRDA:29,3,0,0
BRDA:29,3,1,0
BRDA:31,4,0,0
BRDA:31,4,1,0
BRDA:32,5,0,0
BRDA:32,5,1,0
BRF:12
BRH:0
end_of_record
TN:
SF:src/common/guards/jwt-auth.guard.ts
FN:15,(anonymous_2)
FN:21,(anonymous_3)
FN:48,(anonymous_4)
FNF:3
FNH:0
FNDA:0,(anonymous_2)
FNDA:0,(anonymous_3)
FNDA:0,(anonymous_4)
DA:1,0
DA:7,0
DA:8,0
DA:9,0
DA:10,0
DA:11,0
DA:14,0
DA:16,0
DA:17,0
DA:18,0
DA:22,0
DA:27,0
DA:29,0
DA:30,0
DA:32,0
DA:33,0
DA:36,0
DA:37,0
DA:40,0
DA:42,0
DA:45,0
DA:49,0
DA:50,0
LF:23
LH:0
BRDA:27,0,0,0
BRDA:27,0,1,0
BRDA:32,1,0,0
BRDA:32,1,1,0
BRDA:49,2,0,0
BRDA:49,2,1,0
BRDA:50,3,0,0
BRDA:50,3,1,0
BRDA:16,4,0,0
BRDA:16,4,1,0
BRDA:16,5,0,0
BRDA:16,5,1,0
BRDA:16,6,0,0
BRDA:16,6,1,0
BRDA:16,7,0,0
BRDA:16,7,1,0
BRDA:17,8,0,0
BRDA:17,8,1,0
BRDA:17,9,0,0
BRDA:17,9,1,0
BRF:20
BRH:0
end_of_record
TN:
SF:src/common/guards/roles.guard.ts
FN:14,(anonymous_2)
FN:16,(anonymous_3)
FN:30,(anonymous_4)
FNF:3
FNH:0
FNDA:0,(anonymous_2)
FNDA:0,(anonymous_3)
FNDA:0,(anonymous_4)
DA:1,0
DA:7,0
DA:9,0
DA:10,0
DA:13,0
DA:14,0
DA:17,0
DA:22,0
DA:24,0
DA:26,0
DA:27,0
DA:30,0
DA:32,0
DA:33,0
DA:36,0
LF:15
LH:0
BRDA:22,0,0,0
BRDA:22,0,1,0
BRDA:26,1,0,0
BRDA:26,1,1,0
BRDA:32,2,0,0
BRDA:32,2,1,0
BRDA:14,3,0,0
BRDA:14,3,1,0
BRDA:14,4,0,0
BRDA:14,4,1,0
BRF:10
BRH:0
end_of_record
TN:
SF:src/common/interceptors/response.interceptor.ts
FN:23,(anonymous_1)
FN:28,(anonymous_2)
FNF:2
FNH:0
FNDA:0,(anonymous_1)
FNDA:0,(anonymous_2)
DA:1,0
DA:7,0
DA:8,0
DA:19,0
DA:27,0
DA:29,0
DA:30,0
DA:32,0
DA:33,0
DA:34,0
DA:36,0
DA:44,0
DA:45,0
DA:48,0
LF:14
LH:0
BRDA:33,0,0,0
BRDA:33,0,1,0
BRDA:34,1,0,0
BRDA:34,1,1,0
BRDA:44,2,0,0
BRDA:44,2,1,0
BRF:6
BRH:0
end_of_record
TN:
SF:src/common/modules/rate-limiter/rate-limiter.module.ts
FN:13,(anonymous_1)
FNF:1
FNH:0
FNDA:0,(anonymous_1)
DA:1,0
DA:2,0
DA:3,0
DA:4,0
DA:5,0
DA:6,0
DA:14,0
DA:18,0
DA:20,0
DA:39,0
LF:10
LH:0
BRF:0
BRH:0
end_of_record
TN:
SF:src/common/modules/rate-limiter/throttler-guard.impl.ts
FN:9,(anonymous_2)
FN:20,(anonymous_3)
FN:32,(anonymous_4)
FNF:3
FNH:0
FNDA:0,(anonymous_2)
FNDA:0,(anonymous_3)
FNDA:0,(anonymous_4)
DA:1,0
DA:2,0
DA:4,0
DA:5,0
DA:8,0
DA:10,0
DA:11,0
DA:13,0
DA:21,0
DA:22,0
DA:23,0
DA:25,0
DA:27,0
DA:33,0
DA:34,0
DA:35,0
DA:37,0
LF:17
LH:0
BRDA:22,0,0,0
BRDA:22,0,1,0
BRDA:23,1,0,0
BRDA:23,1,1,0
BRDA:34,2,0,0
BRDA:34,2,1,0
BRDA:10,3,0,0
BRDA:10,3,1,0
BRDA:10,4,0,0
BRDA:10,4,1,0
BRDA:10,5,0,0
BRDA:10,5,1,0
BRDA:10,6,0,0
BRDA:10,6,1,0
BRF:14
BRH:0
end_of_record
TN:
SF:src/common/modules/redis-cache/index.ts
FNF:0
FNH:0
DA:1,0
DA:2,0
DA:3,0
LF:3
LH:0
BRF:0
BRH:0
end_of_record
TN:
SF:src/common/modules/redis-cache/metrics.service.ts
FN:28,(anonymous_2)
FN:29,(anonymous_3)
FN:39,(anonymous_4)
FN:45,(anonymous_5)
FN:51,(anonymous_6)
FN:56,(anonymous_7)
FN:62,(anonymous_8)
FN:93,(anonymous_9)
FN:96,(anonymous_10)
FN:101,(anonymous_11)
FN:117,(anonymous_12)
FN:133,(anonymous_13)
FN:138,(anonymous_14)
FN:143,(anonymous_15)
FN:151,(anonymous_16)
FN:152,(anonymous_17)
FNF:16
FNH:16
FNDA:12,(anonymous_2)
FNDA:36,(anonymous_3)
FNDA:8,(anonymous_4)
FNDA:6,(anonymous_5)
FNDA:1,(anonymous_6)
FNDA:14,(anonymous_7)
FNDA:110,(anonymous_8)
FNDA:5063,(anonymous_9)
FNDA:4963,(anonymous_10)
FNDA:6,(anonymous_11)
FNDA:6,(anonymous_12)
FNDA:1,(anonymous_13)
FNDA:3,(anonymous_14)
FNDA:1,(anonymous_15)
FNDA:13,(anonymous_16)
FNDA:39,(anonymous_17)
DA:1,3
DA:2,3
DA:21,3
DA:22,12
DA:24,12
DA:25,12
DA:26,12
DA:29,12
DA:30,36
DA:40,8
DA:41,8
DA:42,8
DA:46,6
DA:47,6
DA:48,6
DA:52,1
DA:53,1
DA:57,14
DA:58,14
DA:59,14
DA:67,110
DA:68,110
DA:69,8
DA:77,8
DA:80,110
DA:81,110
DA:82,108
DA:84,2
DA:87,110
DA:88,110
DA:89,0
DA:92,110
DA:93,5063
DA:96,4963
DA:97,110
DA:98,110
DA:104,6
DA:105,5
DA:114,1
DA:118,6
DA:119,5
DA:130,1
DA:137,1
DA:138,1
DA:139,3
DA:142,1
DA:143,1
DA:144,1
DA:145,1
DA:148,1
DA:152,13
DA:153,39
DA:154,39
DA:155,39
DA:156,39
DA:158,13
LF:56
LH:55
BRDA:59,0,0,14
BRDA:59,0,1,0
BRDA:68,1,0,8
BRDA:68,1,1,102
BRDA:81,2,0,108
BRDA:81,2,1,2
BRDA:88,3,0,0
BRDA:88,3,1,110
BRDA:98,4,0,110
BRDA:98,4,1,0
BRDA:104,5,0,5
BRDA:104,5,1,1
BRDA:106,6,0,5
BRDA:106,6,1,0
BRDA:118,7,0,5
BRDA:118,7,1,1
BRDA:120,8,0,5
BRDA:120,8,1,1
BRF:18
BRH:14
end_of_record
TN:
SF:src/common/modules/redis-cache/monitoring.controller.ts
FN:9,(anonymous_2)
FN:15,(anonymous_3)
FN:27,(anonymous_4)
FN:39,(anonymous_5)
FNF:4
FNH:0
FNDA:0,(anonymous_2)
FNDA:0,(anonymous_3)
FNDA:0,(anonymous_4)
FNDA:0,(anonymous_5)
DA:1,0
DA:2,0
DA:3,0
DA:4,0
DA:8,0
DA:9,0
DA:15,0
DA:16,0
DA:27,0
DA:28,0
DA:39,0
DA:40,0
LF:12
LH:0
BRDA:9,0,0,0
BRDA:9,0,1,0
BRDA:9,1,0,0
BRDA:9,1,1,0
BRF:4
BRH:0
end_of_record
TN:
SF:src/common/modules/redis-cache/redis-cache.module.ts
FN:15,(anonymous_1)
FNF:1
FNH:0
FNDA:0,(anonymous_1)
DA:1,0
DA:2,0
DA:3,0
DA:4,0
DA:5,0
DA:6,0
DA:7,0
DA:16,0
DA:17,0
DA:18,0
DA:20,0
DA:28,0
DA:39,0
LF:13
LH:0
BRDA:23,0,0,0
BRDA:23,0,1,0
BRF:2
BRH:0
end_of_record
TN:
SF:src/common/modules/redis-cache/redis-cache.service.ts
FN:5,(anonymous_4)
FN:21,(anonymous_5)
FN:26,(anonymous_6)
FN:51,(anonymous_7)
FN:66,(anonymous_8)
FN:75,(anonymous_9)
FN:94,(anonymous_10)
FN:97,(anonymous_11)
FNF:8
FNH:7
FNDA:3,(anonymous_4)
FNDA:11,(anonymous_5)
FNDA:3,(anonymous_6)
FNDA:4,(anonymous_7)
FNDA:1,(anonymous_8)
FNDA:0,(anonymous_9)
FNDA:5,(anonymous_10)
FNDA:15,(anonymous_11)
DA:1,3
DA:2,3
DA:3,3
DA:5,3
DA:6,3
DA:7,3
DA:8,3
DA:12,3
DA:13,11
DA:15,11
DA:22,11
DA:23,11
DA:30,3
DA:31,3
DA:32,3
DA:33,2
DA:35,2
DA:36,1
DA:37,1
DA:39,1
DA:40,1
DA:43,2
DA:45,1
DA:46,1
DA:47,1
DA:56,4
DA:57,4
DA:58,4
DA:59,3
DA:61,1
DA:62,1
DA:67,1
DA:68,1
DA:69,1
DA:71,0
DA:76,0
DA:77,0
DA:78,0
DA:79,0
DA:80,0
DA:81,0
DA:82,0
DA:88,0
DA:95,5
DA:97,15
DA:99,5
LF:46
LH:37
BRDA:5,0,0,3
BRDA:5,0,1,3
BRDA:28,1,0,0
BRDA:35,2,0,1
BRDA:35,2,1,1
BRDA:35,3,0,2
BRDA:35,3,1,1
BRDA:43,4,0,2
BRDA:43,4,1,1
BRDA:54,5,0,0
BRDA:78,6,0,0
BRDA:78,6,1,0
BRDA:78,7,0,0
BRDA:78,7,1,0
BRDA:80,8,0,0
BRDA:80,8,1,0
BRDA:22,9,0,3
BRDA:22,9,1,0
BRDA:22,10,0,3
BRDA:22,10,1,3
BRDA:22,11,0,2
BRDA:22,11,1,1
BRDA:22,12,0,3
BRDA:22,12,1,2
BRF:24
BRH:15
end_of_record
TN:
SF:src/common/services/proxy-http.module.ts
FNF:0
FNH:0
DA:1,0
DA:2,0
DA:9,0
LF:3
LH:0
BRF:0
BRH:0
end_of_record
TN:
SF:src/common/services/proxy-http.service.ts
FN:13,(anonymous_2)
FN:17,(anonymous_3)
FN:27,(anonymous_4)
FN:40,(anonymous_5)
FN:55,(anonymous_6)
FN:61,(anonymous_7)
FN:69,(anonymous_8)
FN:75,(anonymous_9)
FN:83,(anonymous_10)
FN:96,(anonymous_11)
FN:102,(anonymous_12)
FN:108,(anonymous_13)
FN:120,(anonymous_14)
FN:126,(anonymous_15)
FN:134,(anonymous_16)
FN:140,(anonymous_17)
FN:149,(anonymous_18)
FN:155,(anonymous_19)
FN:163,(anonymous_20)
FNF:19
FNH:0
FNDA:0,(anonymous_2)
FNDA:0,(anonymous_3)
FNDA:0,(anonymous_4)
FNDA:0,(anonymous_5)
FNDA:0,(anonymous_6)
FNDA:0,(anonymous_7)
FNDA:0,(anonymous_8)
FNDA:0,(anonymous_9)
FNDA:0,(anonymous_10)
FNDA:0,(anonymous_11)
FNDA:0,(anonymous_12)
FNDA:0,(anonymous_13)
FNDA:0,(anonymous_14)
FNDA:0,(anonymous_15)
FNDA:0,(anonymous_16)
FNDA:0,(anonymous_17)
FNDA:0,(anonymous_18)
FNDA:0,(anonymous_19)
FNDA:0,(anonymous_20)
DA:1,0
DA:2,0
DA:3,0
DA:10,0
DA:11,0
DA:14,0
DA:20,0
DA:32,0
DA:36,0
DA:37,0
DA:46,0
DA:50,0
DA:51,0
DA:59,0
DA:60,0
DA:61,0
DA:62,0
DA:65,0
DA:73,0
DA:74,0
DA:75,0
DA:76,0
DA:79,0
DA:88,0
DA:89,0
DA:97,0
DA:98,0
DA:103,0
DA:104,0
DA:112,0
DA:124,0
DA:125,0
DA:126,0
DA:127,0
DA:130,0
DA:138,0
DA:139,0
DA:140,0
DA:141,0
DA:142,0
DA:145,0
DA:153,0
DA:154,0
DA:155,0
DA:156,0
DA:159,0
DA:168,0
DA:169,0
DA:171,0
DA:172,0
DA:175,0
DA:177,0
DA:179,0
DA:182,0
LF:54
LH:0
BRDA:30,0,0,0
BRDA:44,1,0,0
BRDA:60,2,0,0
BRDA:60,2,1,0
BRDA:74,3,0,0
BRDA:74,3,1,0
BRDA:110,4,0,0
BRDA:125,5,0,0
BRDA:125,5,1,0
BRDA:127,6,0,0
BRDA:127,6,1,0
BRDA:127,7,0,0
BRDA:127,7,1,0
BRDA:139,8,0,0
BRDA:139,8,1,0
BRDA:141,9,0,0
BRDA:141,9,1,0
BRDA:141,10,0,0
BRDA:141,10,1,0
BRDA:141,10,2,0
BRDA:154,11,0,0
BRDA:154,11,1,0
BRDA:171,12,0,0
BRDA:171,12,1,0
BRDA:171,13,0,0
BRDA:171,13,1,0
BRF:26
BRH:0
end_of_record
TN:
SF:src/modules/ai-insight/ai-insight.controller.ts
FN:10,(anonymous_4)
FN:18,(anonymous_5)
FNF:2
FNH:0
FNDA:0,(anonymous_4)
FNDA:0,(anonymous_5)
DA:1,0
DA:2,0
DA:3,0
DA:4,0
DA:9,0
DA:10,0
DA:18,0
DA:19,0
LF:8
LH:0
BRDA:10,0,0,0
BRDA:10,0,1,0
BRDA:10,1,0,0
BRDA:10,1,1,0
BRF:4
BRH:0
end_of_record
TN:
SF:src/modules/ai-insight/ai-insight.module.ts
FNF:0
FNH:0
DA:1,0
DA:2,0
DA:3,0
DA:4,0
DA:5,0
DA:6,0
DA:7,0
DA:15,0
LF:8
LH:0
BRF:0
BRH:0
end_of_record
TN:
SF:src/modules/ai-insight/ai-insight.service.ts
FN:22,(anonymous_2)
FN:31,(anonymous_3)
FN:89,(anonymous_4)
FN:123,(anonymous_5)
FN:139,(anonymous_6)
FN:176,(anonymous_7)
FN:193,(anonymous_8)
FN:197,(anonymous_9)
FN:200,(anonymous_10)
FN:203,(anonymous_11)
FN:206,(anonymous_12)
FN:216,(anonymous_13)
FN:232,(anonymous_14)
FN:253,(anonymous_15)
FN:258,(anonymous_16)
FN:274,(anonymous_17)
FN:275,(anonymous_18)
FN:278,(anonymous_19)
FN:281,(anonymous_20)
FN:300,(anonymous_21)
FN:307,(anonymous_22)
FN:325,(anonymous_23)
FN:330,(anonymous_24)
FN:333,(anonymous_25)
FN:339,(anonymous_26)
FN:352,(anonymous_27)
FN:355,(anonymous_28)
FN:375,(anonymous_29)
FN:379,(anonymous_30)
FN:382,(anonymous_31)
FN:385,(anonymous_32)
FN:388,(anonymous_33)
FN:433,(anonymous_34)
FN:449,(anonymous_35)
FN:451,(anonymous_36)
FNF:35
FNH:0
FNDA:0,(anonymous_2)
FNDA:0,(anonymous_3)
FNDA:0,(anonymous_4)
FNDA:0,(anonymous_5)
FNDA:0,(anonymous_6)
FNDA:0,(anonymous_7)
FNDA:0,(anonymous_8)
FNDA:0,(anonymous_9)
FNDA:0,(anonymous_10)
FNDA:0,(anonymous_11)
FNDA:0,(anonymous_12)
FNDA:0,(anonymous_13)
FNDA:0,(anonymous_14)
FNDA:0,(anonymous_15)
FNDA:0,(anonymous_16)
FNDA:0,(anonymous_17)
FNDA:0,(anonymous_18)
FNDA:0,(anonymous_19)
FNDA:0,(anonymous_20)
FNDA:0,(anonymous_21)
FNDA:0,(anonymous_22)
FNDA:0,(anonymous_23)
FNDA:0,(anonymous_24)
FNDA:0,(anonymous_25)
FNDA:0,(anonymous_26)
FNDA:0,(anonymous_27)
FNDA:0,(anonymous_28)
FNDA:0,(anonymous_29)
FNDA:0,(anonymous_30)
FNDA:0,(anonymous_31)
FNDA:0,(anonymous_32)
FNDA:0,(anonymous_33)
FNDA:0,(anonymous_34)
FNDA:0,(anonymous_35)
FNDA:0,(anonymous_36)
DA:1,0
DA:2,0
DA:3,0
DA:7,0
DA:8,0
DA:16,0
DA:17,0
DA:23,0
DA:24,0
DA:26,0
DA:27,0
DA:28,0
DA:32,0
DA:33,0
DA:35,0
DA:36,0
DA:39,0
DA:40,0
DA:45,0
DA:54,0
DA:57,0
DA:59,0
DA:93,0
DA:110,0
DA:111,0
DA:112,0
DA:115,0
DA:116,0
DA:117,0
DA:118,0
DA:127,0
DA:128,0
DA:129,0
DA:130,0
DA:131,0
DA:132,0
DA:134,0
DA:135,0
DA:146,0
DA:147,0
DA:148,0
DA:165,0
DA:166,0
DA:167,0
DA:169,0
DA:170,0
DA:177,0
DA:179,0
DA:181,0
DA:183,0
DA:185,0
DA:187,0
DA:189,0
DA:194,0
DA:195,0
DA:196,0
DA:197,0
DA:199,0
DA:200,0
DA:202,0
DA:203,0
DA:205,0
DA:206,0
DA:210,0
DA:212,0
DA:216,0
DA:218,0
DA:220,0
DA:222,0
DA:223,0
DA:224,0
DA:226,0
DA:230,0
DA:233,0
DA:237,0
DA:254,0
DA:255,0
DA:257,0
DA:258,0
DA:260,0
DA:275,0
DA:276,0
DA:277,0
DA:278,0
DA:280,0
DA:281,0
DA:284,0
DA:288,0
DA:297,0
DA:300,0
DA:304,0
DA:307,0
DA:311,0
DA:326,0
DA:327,0
DA:329,0
DA:330,0
DA:332,0
DA:333,0
DA:336,0
DA:340,0
DA:344,0
DA:353,0
DA:356,0
DA:360,0
DA:364,0
DA:376,0
DA:377,0
DA:378,0
DA:379,0
DA:381,0
DA:382,0
DA:384,0
DA:385,0
DA:387,0
DA:388,0
DA:390,0
DA:394,0
DA:434,0
DA:436,0
DA:437,0
DA:438,0
DA:442,0
DA:445,0
DA:450,0
DA:451,0
LF:126
LH:0
BRDA:35,0,0,0
BRDA:35,0,1,0
BRDA:35,1,0,0
BRDA:35,1,1,0
BRDA:110,2,0,0
BRDA:110,2,1,0
BRDA:117,3,0,0
BRDA:117,3,1,0
BRDA:177,4,0,0
BRDA:177,4,1,0
BRDA:177,4,2,0
BRDA:177,4,3,0
BRDA:177,4,4,0
BRDA:177,4,5,0
BRDA:196,5,0,0
BRDA:196,5,1,0
BRDA:199,6,0,0
BRDA:199,6,1,0
BRDA:202,7,0,0
BRDA:202,7,1,0
BRDA:205,8,0,0
BRDA:205,8,1,0
BRDA:212,9,0,0
BRDA:212,9,1,0
BRDA:218,10,0,0
BRDA:218,10,1,0
BRDA:220,11,0,0
BRDA:220,11,1,0
BRDA:220,12,0,0
BRDA:220,12,1,0
BRDA:222,13,0,0
BRDA:222,13,1,0
BRDA:223,14,0,0
BRDA:223,14,1,0
BRDA:226,15,0,0
BRDA:226,15,1,0
BRDA:245,16,0,0
BRDA:245,16,1,0
BRDA:248,17,0,0
BRDA:248,17,1,0
BRDA:254,18,0,0
BRDA:254,18,1,0
BRDA:276,19,0,0
BRDA:276,19,1,0
BRDA:278,20,0,0
BRDA:278,20,1,0
BRDA:278,20,2,0
BRDA:281,21,0,0
BRDA:281,21,1,0
BRDA:281,21,2,0
BRDA:284,22,0,0
BRDA:284,22,1,0
BRDA:288,23,0,0
BRDA:288,23,1,0
BRDA:300,24,0,0
BRDA:300,24,1,0
BRDA:300,24,2,0
BRDA:307,25,0,0
BRDA:307,25,1,0
BRDA:307,25,2,0
BRDA:316,26,0,0
BRDA:316,26,1,0
BRDA:320,27,0,0
BRDA:320,27,1,0
BRDA:326,28,0,0
BRDA:326,28,1,0
BRDA:330,29,0,0
BRDA:330,29,1,0
BRDA:333,30,0,0
BRDA:333,30,1,0
BRDA:340,31,0,0
BRDA:340,31,1,0
BRDA:340,32,0,0
BRDA:340,32,1,0
BRDA:356,33,0,0
BRDA:356,33,1,0
BRDA:356,34,0,0
BRDA:356,34,1,0
BRDA:360,35,0,0
BRDA:360,35,1,0
BRDA:368,36,0,0
BRDA:368,36,1,0
BRDA:378,37,0,0
BRDA:378,37,1,0
BRDA:381,38,0,0
BRDA:381,38,1,0
BRDA:384,39,0,0
BRDA:384,39,1,0
BRDA:387,40,0,0
BRDA:387,40,1,0
BRDA:390,41,0,0
BRDA:390,41,1,0
BRDA:401,42,0,0
BRDA:401,42,1,0
BRDA:402,43,0,0
BRDA:402,43,1,0
BRDA:437,44,0,0
BRDA:437,44,1,0
BRDA:450,45,0,0
BRDA:450,45,1,0
BRDA:451,46,0,0
BRDA:451,46,1,0
BRDA:23,47,0,0
BRDA:23,47,1,0
BRDA:23,48,0,0
BRDA:23,48,1,0
BRDA:23,49,0,0
BRDA:23,49,1,0
BRDA:23,50,0,0
BRDA:23,50,1,0
BRF:110
BRH:0
end_of_record
TN:
SF:src/modules/ai-insight/insight-data-collector.service.ts
FN:22,(anonymous_2)
FN:28,(anonymous_3)
FN:95,(anonymous_4)
FN:105,(anonymous_5)
FN:117,(anonymous_6)
FN:120,(anonymous_7)
FN:133,(anonymous_8)
FN:142,(anonymous_9)
FN:149,(anonymous_10)
FN:159,(anonymous_11)
FNF:10
FNH:0
FNDA:0,(anonymous_2)
FNDA:0,(anonymous_3)
FNDA:0,(anonymous_4)
FNDA:0,(anonymous_5)
FNDA:0,(anonymous_6)
FNDA:0,(anonymous_7)
FNDA:0,(anonymous_8)
FNDA:0,(anonymous_9)
FNDA:0,(anonymous_10)
FNDA:0,(anonymous_11)
DA:1,0
DA:2,0
DA:3,0
DA:4,0
DA:19,0
DA:20,0
DA:23,0
DA:24,0
DA:25,0
DA:29,0
DA:39,0
DA:71,0
DA:72,0
DA:73,0
DA:74,0
DA:78,0
DA:80,0
DA:96,0
DA:97,0
DA:98,0
DA:104,0
DA:105,0
DA:118,0
DA:120,0
DA:134,0
DA:139,0
DA:143,0
DA:144,0
DA:150,0
DA:151,0
DA:153,0
DA:156,0
DA:160,0
DA:161,0
DA:164,0
LF:35
LH:0
BRDA:82,0,0,0
BRDA:82,0,1,0
BRDA:104,1,0,0
BRDA:104,1,1,0
BRDA:106,2,0,0
BRDA:106,2,1,0
BRDA:106,2,2,0
BRDA:107,3,0,0
BRDA:107,3,1,0
BRDA:107,3,2,0
BRDA:108,4,0,0
BRDA:108,4,1,0
BRDA:108,4,2,0
BRDA:109,5,0,0
BRDA:109,5,1,0
BRDA:109,5,2,0
BRDA:110,6,0,0
BRDA:110,6,1,0
BRDA:110,6,2,0
BRDA:111,7,0,0
BRDA:111,7,1,0
BRDA:111,7,2,0
BRDA:121,8,0,0
BRDA:121,8,1,0
BRDA:122,9,0,0
BRDA:122,9,1,0
BRDA:123,10,0,0
BRDA:123,10,1,0
BRDA:124,11,0,0
BRDA:124,11,1,0
BRDA:125,12,0,0
BRDA:125,12,1,0
BRDA:126,13,0,0
BRDA:126,13,1,0
BRDA:139,14,0,0
BRDA:139,14,1,0
BRDA:144,15,0,0
BRDA:144,15,1,0
BRDA:150,16,0,0
BRDA:150,16,1,0
BRDA:151,17,0,0
BRDA:151,17,1,0
BRDA:154,18,0,0
BRDA:154,18,1,0
BRDA:160,19,0,0
BRDA:160,19,1,0
BRDA:162,20,0,0
BRDA:162,20,1,0
BRDA:23,21,0,0
BRDA:23,21,1,0
BRDA:23,22,0,0
BRDA:23,22,1,0
BRDA:23,23,0,0
BRDA:23,23,1,0
BRDA:23,24,0,0
BRDA:23,24,1,0
BRDA:24,25,0,0
BRDA:24,25,1,0
BRDA:24,26,0,0
BRDA:24,26,1,0
BRF:60
BRH:0
end_of_record
TN:
SF:src/modules/ai-insight/prompts.constant.ts
FNF:0
FNH:0
DA:6,0
DA:20,0
LF:2
LH:0
BRF:0
BRH:0
end_of_record
TN:
SF:src/modules/ai-news/ai-news.controller.ts
FN:10,(anonymous_4)
FN:43,(anonymous_5)
FN:80,(anonymous_6)
FN:107,(anonymous_7)
FN:121,(anonymous_8)
FN:135,(anonymous_9)
FN:142,(anonymous_10)
FNF:7
FNH:0
FNDA:0,(anonymous_4)
FNDA:0,(anonymous_5)
FNDA:0,(anonymous_6)
FNDA:0,(anonymous_7)
FNDA:0,(anonymous_8)
FNDA:0,(anonymous_9)
FNDA:0,(anonymous_10)
DA:1,0
DA:2,0
DA:3,0
DA:4,0
DA:9,0
DA:10,0
DA:43,0
DA:54,0
DA:80,0
DA:89,0
DA:107,0
DA:111,0
DA:121,0
DA:125,0
DA:135,0
DA:136,0
DA:142,0
DA:143,0
LF:18
LH:0
BRDA:61,0,0,0
BRDA:61,0,1,0
BRDA:62,1,0,0
BRDA:62,1,1,0
BRDA:63,2,0,0
BRDA:63,2,1,0
BRDA:94,3,0,0
BRDA:94,3,1,0
BRDA:95,4,0,0
BRDA:95,4,1,0
BRDA:96,5,0,0
BRDA:96,5,1,0
BRDA:111,6,0,0
BRDA:111,6,1,0
BRDA:125,7,0,0
BRDA:125,7,1,0
BRDA:136,8,0,0
BRDA:136,8,1,0
BRDA:143,9,0,0
BRDA:143,9,1,0
BRDA:10,10,0,0
BRDA:10,10,1,0
BRDA:10,11,0,0
BRDA:10,11,1,0
BRF:24
BRH:0
end_of_record
TN:
SF:src/modules/ai-news/ai-news.module.ts
FNF:0
FNH:0
DA:1,0
DA:2,0
DA:3,0
DA:10,0
LF:4
LH:0
BRF:0
BRH:0
end_of_record
TN:
SF:src/modules/ai-news/ai-news.service.ts
FN:7,(anonymous_2)
FN:13,(anonymous_3)
FN:39,(anonymous_4)
FN:68,(anonymous_5)
FN:90,(anonymous_6)
FN:111,(anonymous_7)
FN:153,(anonymous_8)
FN:178,(anonymous_9)
FN:184,(anonymous_10)
FN:205,(anonymous_11)
FN:210,(anonymous_12)
FN:217,(anonymous_13)
FN:224,(anonymous_14)
FNF:13
FNH:0
FNDA:0,(anonymous_2)
FNDA:0,(anonymous_3)
FNDA:0,(anonymous_4)
FNDA:0,(anonymous_5)
FNDA:0,(anonymous_6)
FNDA:0,(anonymous_7)
FNDA:0,(anonymous_8)
FNDA:0,(anonymous_9)
FNDA:0,(anonymous_10)
FNDA:0,(anonymous_11)
FNDA:0,(anonymous_12)
FNDA:0,(anonymous_13)
FNDA:0,(anonymous_14)
DA:1,0
DA:2,0
DA:3,0
DA:6,0
DA:7,0
DA:24,0
DA:36,0
DA:37,0
DA:39,0
DA:77,0
DA:87,0
DA:88,0
DA:90,0
DA:112,0
DA:117,0
DA:118,0
DA:121,0
DA:154,0
DA:159,0
DA:160,0
DA:161,0
DA:164,0
DA:178,0
DA:184,0
DA:206,0
DA:207,0
DA:208,0
DA:210,0
DA:218,0
DA:221,0
DA:222,0
DA:224,0
LF:32
LH:0
BRDA:31,0,0,0
BRDA:31,0,1,0
BRDA:32,1,0,0
BRDA:32,1,1,0
BRDA:33,2,0,0
BRDA:33,2,1,0
BRDA:36,3,0,0
BRDA:36,3,1,0
BRDA:53,4,0,0
BRDA:53,4,1,0
BRDA:54,5,0,0
BRDA:54,5,1,0
BRDA:57,6,0,0
BRDA:57,6,1,0
BRDA:58,7,0,0
BRDA:58,7,1,0
BRDA:59,8,0,0
BRDA:59,8,1,0
BRDA:82,9,0,0
BRDA:82,9,1,0
BRDA:83,10,0,0
BRDA:83,10,1,0
BRDA:84,11,0,0
BRDA:84,11,1,0
BRDA:87,12,0,0
BRDA:87,12,1,0
BRDA:100,13,0,0
BRDA:100,13,1,0
BRDA:101,14,0,0
BRDA:101,14,1,0
BRDA:102,15,0,0
BRDA:102,15,1,0
BRDA:111,16,0,0
BRDA:117,17,0,0
BRDA:117,17,1,0
BRDA:142,18,0,0
BRDA:142,18,1,0
BRDA:143,19,0,0
BRDA:143,19,1,0
BRDA:144,20,0,0
BRDA:144,20,1,0
BRDA:153,21,0,0
BRDA:160,22,0,0
BRDA:160,22,1,0
BRDA:177,23,0,0
BRDA:177,23,1,0
BRDA:180,24,0,0
BRDA:180,24,1,0
BRDA:181,25,0,0
BRDA:181,25,1,0
BRDA:184,26,0,0
BRDA:184,26,1,0
BRDA:205,27,0,0
BRDA:207,28,0,0
BRDA:207,28,1,0
BRDA:211,29,0,0
BRDA:211,29,1,0
BRDA:217,30,0,0
BRDA:221,31,0,0
BRDA:221,31,1,0
BRDA:225,32,0,0
BRDA:225,32,1,0
BRDA:7,33,0,0
BRDA:7,33,1,0
BRDA:7,34,0,0
BRDA:7,34,1,0
BRF:66
BRH:0
end_of_record
TN:
SF:src/modules/arena/arena.controller.ts
FN:29,(anonymous_4)
FN:38,(anonymous_5)
FN:44,(anonymous_6)
FN:61,(anonymous_7)
FN:80,(anonymous_8)
FN:109,(anonymous_9)
FN:142,(anonymous_10)
FN:158,(anonymous_11)
FN:164,(anonymous_12)
FN:179,(anonymous_13)
FN:197,(anonymous_14)
FN:219,(anonymous_15)
FN:237,(anonymous_16)
FN:250,(anonymous_17)
FN:257,(anonymous_18)
FN:268,(anonymous_19)
FN:285,(anonymous_20)
FN:295,(anonymous_21)
FN:301,(anonymous_22)
FN:317,(anonymous_23)
FN:327,(anonymous_24)
FN:337,(anonymous_25)
FNF:22
FNH:0
FNDA:0,(anonymous_4)
FNDA:0,(anonymous_5)
FNDA:0,(anonymous_6)
FNDA:0,(anonymous_7)
FNDA:0,(anonymous_8)
FNDA:0,(anonymous_9)
FNDA:0,(anonymous_10)
FNDA:0,(anonymous_11)
FNDA:0,(anonymous_12)
FNDA:0,(anonymous_13)
FNDA:0,(anonymous_14)
FNDA:0,(anonymous_15)
FNDA:0,(anonymous_16)
FNDA:0,(anonymous_17)
FNDA:0,(anonymous_18)
FNDA:0,(anonymous_19)
FNDA:0,(anonymous_20)
FNDA:0,(anonymous_21)
FNDA:0,(anonymous_22)
FNDA:0,(anonymous_23)
FNDA:0,(anonymous_24)
FNDA:0,(anonymous_25)
DA:1,0
DA:11,0
DA:18,0
DA:19,0
DA:20,0
DA:21,0
DA:22,0
DA:23,0
DA:28,0
DA:30,0
DA:31,0
DA:38,0
DA:39,0
DA:44,0
DA:45,0
DA:61,0
DA:66,0
DA:80,0
DA:85,0
DA:109,0
DA:115,0
DA:142,0
DA:148,0
DA:158,0
DA:159,0
DA:164,0
DA:165,0
DA:179,0
DA:185,0
DA:197,0
DA:198,0
DA:219,0
DA:225,0
DA:237,0
DA:242,0
DA:250,0
DA:251,0
DA:257,0
DA:258,0
DA:267,0
DA:268,0
DA:285,0
DA:290,0
DA:295,0
DA:296,0
DA:301,0
DA:306,0
DA:317,0
DA:322,0
DA:327,0
DA:332,0
DA:337,0
DA:338,0
LF:53
LH:0
BRDA:187,0,0,0
BRDA:187,0,1,0
BRDA:188,1,0,0
BRDA:188,1,1,0
BRDA:227,2,0,0
BRDA:227,2,1,0
BRDA:228,3,0,0
BRDA:228,3,1,0
BRDA:229,4,0,0
BRDA:229,4,1,0
BRDA:242,5,0,0
BRDA:242,5,1,0
BRDA:30,6,0,0
BRDA:30,6,1,0
BRDA:30,7,0,0
BRDA:30,7,1,0
BRDA:30,8,0,0
BRDA:30,8,1,0
BRDA:30,9,0,0
BRDA:30,9,1,0
BRDA:268,10,0,0
BRDA:268,10,1,0
BRDA:268,11,0,0
BRDA:268,11,1,0
BRF:24
BRH:0
end_of_record
TN:
SF:src/modules/arena/arena.module.ts
FNF:0
FNH:0
DA:1,0
DA:2,0
DA:3,0
DA:4,0
DA:5,0
DA:6,0
DA:13,0
LF:7
LH:0
BRF:0
BRH:0
end_of_record
TN:
SF:src/modules/arena/arena.service.ts
FN:11,(anonymous_2)
FN:16,(anonymous_3)
FN:21,(anonymous_4)
FN:35,(anonymous_5)
FN:66,(anonymous_6)
FN:107,(anonymous_7)
FN:121,(anonymous_8)
FN:137,(anonymous_9)
FN:186,(anonymous_10)
FN:240,(anonymous_11)
FN:262,(anonymous_12)
FN:274,(anonymous_13)
FN:292,(anonymous_14)
FN:345,(anonymous_15)
FN:362,(anonymous_16)
FN:384,(anonymous_17)
FN:395,(anonymous_18)
FN:414,(anonymous_19)
FN:421,(anonymous_20)
FN:439,(anonymous_21)
FN:518,(anonymous_22)
FN:544,(anonymous_23)
FN:617,(anonymous_24)
FN:628,(anonymous_25)
FN:641,(anonymous_26)
FN:657,(anonymous_27)
FN:668,(anonymous_28)
FNF:27
FNH:0
FNDA:0,(anonymous_2)
FNDA:0,(anonymous_3)
FNDA:0,(anonymous_4)
FNDA:0,(anonymous_5)
FNDA:0,(anonymous_6)
FNDA:0,(anonymous_7)
FNDA:0,(anonymous_8)
FNDA:0,(anonymous_9)
FNDA:0,(anonymous_10)
FNDA:0,(anonymous_11)
FNDA:0,(anonymous_12)
FNDA:0,(anonymous_13)
FNDA:0,(anonymous_14)
FNDA:0,(anonymous_15)
FNDA:0,(anonymous_16)
FNDA:0,(anonymous_17)
FNDA:0,(anonymous_18)
FNDA:0,(anonymous_19)
FNDA:0,(anonymous_20)
FNDA:0,(anonymous_21)
FNDA:0,(anonymous_22)
FNDA:0,(anonymous_23)
FNDA:0,(anonymous_24)
FNDA:0,(anonymous_25)
FNDA:0,(anonymous_26)
FNDA:0,(anonymous_27)
FNDA:0,(anonymous_28)
DA:1,0
DA:2,0
DA:3,0
DA:4,0
DA:5,0
DA:8,0
DA:9,0
DA:12,0
DA:13,0
DA:17,0
DA:18,0
DA:22,0
DA:25,0
DA:26,0
DA:30,0
DA:36,0
DA:37,0
DA:38,0
DA:41,0
DA:42,0
DA:46,0
DA:47,0
DA:53,0
DA:63,0
DA:67,0
DA:68,0
DA:76,0
DA:77,0
DA:82,0
DA:86,0
DA:88,0
DA:89,0
DA:90,0
DA:92,0
DA:108,0
DA:109,0
DA:110,0
DA:112,0
DA:122,0
DA:123,0
DA:124,0
DA:126,0
DA:143,0
DA:144,0
DA:147,0
DA:148,0
DA:153,0
DA:154,0
DA:155,0
DA:161,0
DA:163,0
DA:180,0
DA:192,0
DA:194,0
DA:195,0
DA:199,0
DA:208,0
DA:209,0
DA:214,0
DA:216,0
DA:233,0
DA:241,0
DA:242,0
DA:246,0
DA:247,0
DA:250,0
DA:255,0
DA:263,0
DA:264,0
DA:268,0
DA:274,0
DA:276,0
DA:277,0
DA:278,0
DA:280,0
DA:281,0
DA:284,0
DA:289,0
DA:292,0
DA:293,0
DA:295,0
DA:297,0
DA:298,0
DA:299,0
DA:300,0
DA:302,0
DA:304,0
DA:307,0
DA:310,0
DA:311,0
DA:320,0
DA:330,0
DA:334,0
DA:336,0
DA:345,0
DA:346,0
DA:355,0
DA:356,0
DA:363,0
DA:364,0
DA:365,0
DA:367,0
DA:377,0
DA:385,0
DA:386,0
DA:390,0
DA:403,0
DA:408,0
DA:415,0
DA:416,0
DA:429,0
DA:430,0
DA:431,0
DA:433,0
DA:434,0
DA:439,0
DA:442,0
DA:444,0
DA:456,0
DA:473,0
DA:482,0
DA:486,0
DA:487,0
DA:488,0
DA:489,0
DA:498,0
DA:509,0
DA:512,0
DA:526,0
DA:530,0
DA:531,0
DA:536,0
DA:537,0
DA:538,0
DA:539,0
DA:541,0
DA:542,0
DA:544,0
DA:547,0
DA:548,0
DA:560,0
DA:577,0
DA:583,0
DA:584,0
DA:586,0
DA:591,0
DA:592,0
DA:593,0
DA:595,0
DA:596,0
DA:605,0
DA:608,0
DA:609,0
DA:618,0
DA:619,0
DA:622,0
DA:623,0
DA:625,0
DA:629,0
DA:632,0
DA:633,0
DA:634,0
DA:638,0
DA:642,0
DA:643,0
DA:644,0
DA:645,0
DA:646,0
DA:647,0
DA:648,0
DA:652,0
DA:654,0
DA:658,0
DA:659,0
DA:661,0
DA:662,0
DA:663,0
DA:665,0
DA:669,0
LF:179
LH:0
BRDA:25,0,0,0
BRDA:25,0,1,0
BRDA:37,1,0,0
BRDA:37,1,1,0
BRDA:46,2,0,0
BRDA:46,2,1,0
BRDA:76,3,0,0
BRDA:76,3,1,0
BRDA:88,4,0,0
BRDA:88,4,1,0
BRDA:147,5,0,0
BRDA:147,5,1,0
BRDA:147,6,0,0
BRDA:147,6,1,0
BRDA:154,7,0,0
BRDA:154,7,1,0
BRDA:194,8,0,0
BRDA:194,8,1,0
BRDA:194,9,0,0
BRDA:194,9,1,0
BRDA:208,10,0,0
BRDA:208,10,1,0
BRDA:208,11,0,0
BRDA:208,11,1,0
BRDA:210,12,0,0
BRDA:210,12,1,0
BRDA:246,13,0,0
BRDA:246,13,1,0
BRDA:280,14,0,0
BRDA:280,14,1,0
BRDA:280,15,0,0
BRDA:280,15,1,0
BRDA:280,15,2,0
BRDA:280,15,3,0
BRDA:289,16,0,0
BRDA:289,16,1,0
BRDA:300,17,0,0
BRDA:300,17,1,0
BRDA:304,18,0,0
BRDA:304,18,1,0
BRDA:304,18,2,0
BRDA:304,18,3,0
BRDA:307,19,0,0
BRDA:307,19,1,0
BRDA:310,20,0,0
BRDA:310,20,1,0
BRDA:355,21,0,0
BRDA:355,21,1,0
BRDA:362,22,0,0
BRDA:362,23,0,0
BRDA:365,24,0,0
BRDA:365,24,1,0
BRDA:433,25,0,0
BRDA:433,25,1,0
BRDA:442,26,0,0
BRDA:442,26,1,0
BRDA:486,27,0,0
BRDA:486,27,1,0
BRDA:530,28,0,0
BRDA:530,28,1,0
BRDA:530,29,0,0
BRDA:530,29,1,0
BRDA:532,30,0,0
BRDA:532,30,1,0
BRDA:547,31,0,0
BRDA:547,31,1,0
BRDA:583,32,0,0
BRDA:583,32,1,0
BRDA:592,33,0,0
BRDA:592,33,1,0
BRDA:610,34,0,0
BRDA:610,34,1,0
BRDA:622,35,0,0
BRDA:622,35,1,0
BRDA:622,36,0,0
BRDA:622,36,1,0
BRDA:632,37,0,0
BRDA:632,37,1,0
BRDA:633,38,0,0
BRDA:633,38,1,0
BRDA:633,39,0,0
BRDA:633,39,1,0
BRDA:645,40,0,0
BRDA:645,40,1,0
BRDA:647,41,0,0
BRDA:647,41,1,0
BRDA:647,42,0,0
BRDA:647,42,1,0
BRDA:662,43,0,0
BRDA:662,43,1,0
BRDA:12,44,0,0
BRDA:12,44,1,0
BRDA:12,45,0,0
BRDA:12,45,1,0
BRDA:12,46,0,0
BRDA:12,46,1,0
BRDA:12,47,0,0
BRDA:12,47,1,0
BRF:98
BRH:0
end_of_record
TN:
SF:src/modules/arena/leaderboard.service.ts
FN:8,(anonymous_2)
FN:14,(anonymous_3)
FN:31,(anonymous_4)
FN:35,(anonymous_5)
FN:64,(anonymous_6)
FN:87,(anonymous_7)
FN:89,(anonymous_8)
FN:98,(anonymous_9)
FN:103,(anonymous_10)
FN:105,(anonymous_11)
FN:106,(anonymous_12)
FN:107,(anonymous_13)
FN:108,(anonymous_14)
FN:109,(anonymous_15)
FNF:14
FNH:0
FNDA:0,(anonymous_2)
FNDA:0,(anonymous_3)
FNDA:0,(anonymous_4)
FNDA:0,(anonymous_5)
FNDA:0,(anonymous_6)
FNDA:0,(anonymous_7)
FNDA:0,(anonymous_8)
FNDA:0,(anonymous_9)
FNDA:0,(anonymous_10)
FNDA:0,(anonymous_11)
FNDA:0,(anonymous_12)
FNDA:0,(anonymous_13)
FNDA:0,(anonymous_14)
FNDA:0,(anonymous_15)
DA:1,0
DA:2,0
DA:3,0
DA:4,0
DA:7,0
DA:9,0
DA:10,0
DA:20,0
DA:22,0
DA:31,0
DA:32,0
DA:33,0
DA:34,0
DA:35,0
DA:38,0
DA:39,0
DA:40,0
DA:41,0
DA:42,0
DA:44,0
DA:60,0
DA:61,0
DA:64,0
DA:70,0
DA:71,0
DA:73,0
DA:88,0
DA:89,0
DA:91,0
DA:92,0
DA:95,0
DA:99,0
DA:100,0
DA:104,0
DA:105,0
DA:106,0
DA:107,0
DA:108,0
DA:109,0
DA:111,0
LF:40
LH:0
BRDA:16,0,0,0
BRDA:17,1,0,0
BRDA:18,2,0,0
BRDA:20,3,0,0
BRDA:20,3,1,0
BRDA:40,4,0,0
BRDA:40,4,1,0
BRDA:42,5,0,0
BRDA:42,5,1,0
BRDA:46,6,0,0
BRDA:46,6,1,0
BRDA:87,7,0,0
BRDA:91,8,0,0
BRDA:91,8,1,0
BRDA:111,9,0,0
BRDA:111,9,1,0
BRDA:9,10,0,0
BRDA:9,10,1,0
BRDA:9,11,0,0
BRDA:9,11,1,0
BRDA:9,12,0,0
BRDA:9,12,1,0
BRDA:9,13,0,0
BRDA:9,13,1,0
BRF:24
BRH:0
end_of_record
TN:
SF:src/modules/arena/watchlist.service.ts
FN:11,(anonymous_2)
FN:13,(anonymous_3)
FN:18,(anonymous_4)
FN:24,(anonymous_5)
FN:32,(anonymous_6)
FN:47,(anonymous_7)
FN:54,(anonymous_8)
FN:72,(anonymous_9)
FN:81,(anonymous_10)
FN:86,(anonymous_11)
FNF:10
FNH:0
FNDA:0,(anonymous_2)
FNDA:0,(anonymous_3)
FNDA:0,(anonymous_4)
FNDA:0,(anonymous_5)
FNDA:0,(anonymous_6)
FNDA:0,(anonymous_7)
FNDA:0,(anonymous_8)
FNDA:0,(anonymous_9)
FNDA:0,(anonymous_10)
FNDA:0,(anonymous_11)
DA:1,0
DA:6,0
DA:7,0
DA:10,0
DA:11,0
DA:14,0
DA:18,0
DA:21,0
DA:25,0
DA:29,0
DA:37,0
DA:40,0
DA:42,0
DA:47,0
DA:51,0
DA:55,0
DA:58,0
DA:60,0
DA:61,0
DA:62,0
DA:65,0
DA:69,0
DA:73,0
DA:76,0
DA:78,0
DA:79,0
DA:81,0
DA:83,0
DA:87,0
DA:90,0
DA:92,0
DA:93,0
LF:32
LH:0
BRDA:13,0,0,0
BRDA:40,1,0,0
BRDA:40,1,1,0
BRDA:45,2,0,0
BRDA:45,2,1,0
BRDA:46,3,0,0
BRDA:46,3,1,0
BRDA:58,4,0,0
BRDA:58,4,1,0
BRDA:61,5,0,0
BRDA:61,5,1,0
BRDA:76,6,0,0
BRDA:76,6,1,0
BRDA:90,7,0,0
BRDA:90,7,1,0
BRDA:11,8,0,0
BRDA:11,8,1,0
BRDA:11,9,0,0
BRDA:11,9,1,0
BRF:19
BRH:0
end_of_record
TN:
SF:src/modules/auth/auth.controller.ts
FN:13,(anonymous_4)
FN:18,(anonymous_5)
FN:26,(anonymous_6)
FN:34,(anonymous_7)
FN:41,(anonymous_8)
FNF:5
FNH:0
FNDA:0,(anonymous_4)
FNDA:0,(anonymous_5)
FNDA:0,(anonymous_6)
FNDA:0,(anonymous_7)
FNDA:0,(anonymous_8)
DA:1,0
DA:2,0
DA:3,0
DA:4,0
DA:5,0
DA:6,0
DA:7,0
DA:8,0
DA:12,0
DA:13,0
DA:18,0
DA:19,0
DA:26,0
DA:27,0
DA:34,0
DA:35,0
DA:41,0
DA:42,0
LF:18
LH:0
BRDA:18,0,0,0
BRDA:18,0,1,0
BRDA:18,1,0,0
BRDA:18,1,1,0
BRDA:26,2,0,0
BRDA:26,2,1,0
BRDA:26,3,0,0
BRDA:26,3,1,0
BRDA:34,4,0,0
BRDA:34,4,1,0
BRDA:34,5,0,0
BRDA:34,5,1,0
BRDA:13,6,0,0
BRDA:13,6,1,0
BRDA:13,7,0,0
BRDA:13,7,1,0
BRF:16
BRH:0
end_of_record
TN:
SF:src/modules/auth/auth.module.ts
FNF:0
FNH:0
DA:1,0
DA:2,0
DA:3,0
DA:10,0
LF:4
LH:0
BRF:0
BRH:0
end_of_record
TN:
SF:src/modules/auth/auth.service.ts
FN:17,(anonymous_11)
FN:23,(anonymous_12)
FN:54,(anonymous_13)
FN:84,(anonymous_14)
FN:111,(anonymous_15)
FN:122,(anonymous_16)
FN:148,(anonymous_17)
FNF:7
FNH:0
FNDA:0,(anonymous_11)
FNDA:0,(anonymous_12)
FNDA:0,(anonymous_13)
FNDA:0,(anonymous_14)
FNDA:0,(anonymous_15)
FNDA:0,(anonymous_16)
FNDA:0,(anonymous_17)
DA:1,0
DA:6,0
DA:7,0
DA:8,0
DA:9,0
DA:10,0
DA:13,0
DA:16,0
DA:18,0
DA:19,0
DA:20,0
DA:24,0
DA:28,0
DA:29,0
DA:32,0
DA:34,0
DA:43,0
DA:45,0
DA:55,0
DA:59,0
DA:60,0
DA:63,0
DA:64,0
DA:67,0
DA:69,0
DA:70,0
DA:73,0
DA:75,0
DA:85,0
DA:90,0
DA:91,0
DA:92,0
DA:94,0
DA:97,0
DA:99,0
DA:105,0
DA:112,0
DA:116,0
DA:123,0
DA:125,0
DA:127,0
DA:128,0
DA:133,0
DA:134,0
DA:135,0
DA:137,0
DA:145,0
DA:149,0
DA:150,0
LF:49
LH:0
BRDA:28,0,0,0
BRDA:28,0,1,0
BRDA:59,1,0,0
BRDA:59,1,1,0
BRDA:63,2,0,0
BRDA:63,2,1,0
BRDA:69,3,0,0
BRDA:69,3,1,0
BRDA:90,4,0,0
BRDA:90,4,1,0
BRDA:90,5,0,0
BRDA:90,5,1,0
BRDA:91,6,0,0
BRDA:91,6,1,0
BRDA:134,7,0,0
BRDA:134,7,1,0
BRDA:18,8,0,0
BRDA:18,8,1,0
BRDA:18,9,0,0
BRDA:18,9,1,0
BRDA:18,10,0,0
BRDA:18,10,1,0
BRDA:18,11,0,0
BRDA:18,11,1,0
BRDA:19,12,0,0
BRDA:19,12,1,0
BRDA:19,13,0,0
BRDA:19,13,1,0
BRF:28
BRH:0
end_of_record
TN:
SF:src/modules/auth/dto/login.dto.ts
FNF:0
FNH:0
DA:1,0
DA:2,0
DA:4,0
DA:8,0
DA:13,0
LF:5
LH:0
BRF:0
BRH:0
end_of_record
TN:
SF:src/modules/auth/dto/refresh-token.dto.ts
FNF:0
FNH:0
DA:1,0
DA:2,0
DA:4,0
DA:8,0
LF:4
LH:0
BRF:0
BRH:0
end_of_record
TN:
SF:src/modules/auth/dto/register.dto.ts
FNF:0
FNH:0
DA:1,0
DA:2,0
DA:10,0
DA:14,0
DA:23,0
DA:32,0
DA:41,0
LF:7
LH:0
BRF:0
BRH:0
end_of_record
TN:
SF:src/modules/chat/chat.controller.ts
FN:27,(anonymous_4)
FN:33,(anonymous_5)
FN:39,(anonymous_6)
FN:48,(anonymous_7)
FN:54,(anonymous_8)
FN:60,(anonymous_9)
FN:71,(anonymous_10)
FN:77,(anonymous_11)
FN:86,(anonymous_12)
FN:97,(anonymous_13)
FN:108,(anonymous_14)
FN:120,(anonymous_15)
FN:130,(anonymous_16)
FN:141,(anonymous_17)
FN:152,(anonymous_18)
FNF:15
FNH:0
FNDA:0,(anonymous_4)
FNDA:0,(anonymous_5)
FNDA:0,(anonymous_6)
FNDA:0,(anonymous_7)
FNDA:0,(anonymous_8)
FNDA:0,(anonymous_9)
FNDA:0,(anonymous_10)
FNDA:0,(anonymous_11)
FNDA:0,(anonymous_12)
FNDA:0,(anonymous_13)
FNDA:0,(anonymous_14)
FNDA:0,(anonymous_15)
FNDA:0,(anonymous_16)
FNDA:0,(anonymous_17)
FNDA:0,(anonymous_18)
DA:1,0
DA:13,0
DA:14,0
DA:15,0
DA:16,0
DA:18,0
DA:19,0
DA:20,0
DA:21,0
DA:26,0
DA:27,0
DA:33,0
DA:34,0
DA:39,0
DA:43,0
DA:48,0
DA:49,0
DA:54,0
DA:55,0
DA:60,0
DA:65,0
DA:71,0
DA:72,0
DA:77,0
DA:81,0
DA:86,0
DA:90,0
DA:97,0
DA:102,0
DA:108,0
DA:113,0
DA:120,0
DA:125,0
DA:130,0
DA:135,0
DA:141,0
DA:145,0
DA:152,0
DA:156,0
LF:39
LH:0
BRDA:33,0,0,0
BRDA:33,0,1,0
BRDA:33,1,0,0
BRDA:33,1,1,0
BRDA:41,2,0,0
BRDA:41,2,1,0
BRDA:41,3,0,0
BRDA:41,3,1,0
BRDA:48,4,0,0
BRDA:48,4,1,0
BRDA:48,5,0,0
BRDA:48,5,1,0
BRDA:63,6,0,0
BRDA:63,6,1,0
BRDA:63,7,0,0
BRDA:63,7,1,0
BRDA:100,8,0,0
BRDA:100,8,1,0
BRDA:100,9,0,0
BRDA:100,9,1,0
BRDA:123,10,0,0
BRDA:123,10,1,0
BRDA:123,11,0,0
BRDA:123,11,1,0
BRDA:154,12,0,0
BRDA:154,12,1,0
BRDA:154,13,0,0
BRDA:154,13,1,0
BRDA:27,14,0,0
BRDA:27,14,1,0
BRDA:27,15,0,0
BRDA:27,15,1,0
BRF:32
BRH:0
end_of_record
TN:
SF:src/modules/chat/chat.gateway.ts
FN:36,(anonymous_4)
FN:42,(anonymous_5)
FN:46,(anonymous_6)
FN:82,(anonymous_7)
FN:103,(anonymous_8)
FN:121,(anonymous_9)
FN:141,(anonymous_10)
FN:198,(anonymous_11)
FN:211,(anonymous_12)
FN:226,(anonymous_13)
FN:253,(anonymous_14)
FN:277,(anonymous_15)
FN:301,(anonymous_16)
FN:325,(anonymous_17)
FN:350,(anonymous_18)
FN:358,(anonymous_19)
FNF:16
FNH:0
FNDA:0,(anonymous_4)
FNDA:0,(anonymous_5)
FNDA:0,(anonymous_6)
FNDA:0,(anonymous_7)
FNDA:0,(anonymous_8)
FNDA:0,(anonymous_9)
FNDA:0,(anonymous_10)
FNDA:0,(anonymous_11)
FNDA:0,(anonymous_12)
FNDA:0,(anonymous_13)
FNDA:0,(anonymous_14)
FNDA:0,(anonymous_15)
FNDA:0,(anonymous_16)
FNDA:0,(anonymous_17)
FNDA:0,(anonymous_18)
FNDA:0,(anonymous_19)
DA:1,0
DA:12,0
DA:13,0
DA:14,0
DA:15,0
DA:16,0
DA:27,0
DA:31,0
DA:33,0
DA:34,0
DA:37,0
DA:38,0
DA:39,0
DA:43,0
DA:47,0
DA:49,0
DA:52,0
DA:53,0
DA:54,0
DA:57,0
DA:61,0
DA:62,0
DA:65,0
DA:66,0
DA:68,0
DA:71,0
DA:76,0
DA:78,0
DA:83,0
DA:85,0
DA:86,0
DA:87,0
DA:88,0
DA:89,0
DA:90,0
DA:97,0
DA:103,0
DA:107,0
DA:109,0
DA:111,0
DA:117,0
DA:121,0
DA:125,0
DA:127,0
DA:129,0
DA:135,0
DA:141,0
DA:154,0
DA:156,0
DA:157,0
DA:170,0
DA:173,0
DA:174,0
DA:175,0
DA:177,0
DA:178,0
DA:179,0
DA:180,0
DA:189,0
DA:191,0
DA:198,0
DA:202,0
DA:204,0
DA:211,0
DA:215,0
DA:217,0
DA:226,0
DA:230,0
DA:232,0
DA:233,0
DA:238,0
DA:244,0
DA:246,0
DA:253,0
DA:257,0
DA:259,0
DA:260,0
DA:266,0
DA:270,0
DA:272,0
DA:277,0
DA:281,0
DA:283,0
DA:284,0
DA:290,0
DA:292,0
DA:294,0
DA:301,0
DA:305,0
DA:307,0
DA:308,0
DA:314,0
DA:318,0
DA:320,0
DA:325,0
DA:329,0
DA:331,0
DA:332,0
DA:337,0
DA:341,0
DA:343,0
DA:350,0
DA:351,0
DA:359,0
DA:360,0
LF:105
LH:0
BRDA:49,0,0,0
BRDA:49,0,1,0
BRDA:52,1,0,0
BRDA:52,1,1,0
BRDA:65,2,0,0
BRDA:65,2,1,0
BRDA:83,3,0,0
BRDA:83,3,1,0
BRDA:86,4,0,0
BRDA:86,4,1,0
BRDA:88,5,0,0
BRDA:88,5,1,0
BRDA:97,6,0,0
BRDA:97,6,1,0
BRDA:175,7,0,0
BRDA:175,7,1,0
BRDA:178,8,0,0
BRDA:178,8,1,0
BRDA:191,9,0,0
BRDA:191,9,1,0
BRDA:246,10,0,0
BRDA:246,10,1,0
BRDA:272,11,0,0
BRDA:272,11,1,0
BRDA:294,12,0,0
BRDA:294,12,1,0
BRDA:320,13,0,0
BRDA:320,13,1,0
BRDA:343,14,0,0
BRDA:343,14,1,0
BRDA:359,15,0,0
BRDA:359,15,1,0
BRDA:31,16,0,0
BRDA:31,16,1,0
BRDA:31,17,0,0
BRDA:31,17,1,0
BRDA:37,18,0,0
BRDA:37,18,1,0
BRDA:37,19,0,0
BRDA:37,19,1,0
BRDA:37,20,0,0
BRDA:37,20,1,0
BRDA:37,21,0,0
BRDA:37,21,1,0
BRDA:38,22,0,0
BRDA:38,22,1,0
BRDA:38,23,0,0
BRDA:38,23,1,0
BRF:48
BRH:0
end_of_record
TN:
SF:src/modules/chat/chat.module.ts
FNF:0
FNH:0
DA:1,0
DA:2,0
DA:3,0
DA:4,0
DA:11,0
LF:5
LH:0
BRF:0
BRH:0
end_of_record
TN:
SF:src/modules/chat/chat.service.ts
FN:17,(anonymous_2)
FN:21,(anonymous_3)
FN:33,(anonymous_4)
FN:34,(anonymous_5)
FN:47,(anonymous_6)
FN:73,(anonymous_7)
FN:105,(anonymous_8)
FN:124,(anonymous_9)
FN:142,(anonymous_10)
FN:150,(anonymous_11)
FN:205,(anonymous_12)
FN:223,(anonymous_13)
FN:224,(anonymous_14)
FN:231,(anonymous_15)
FN:246,(anonymous_16)
FN:274,(anonymous_17)
FN:316,(anonymous_18)
FN:352,(anonymous_19)
FN:375,(anonymous_20)
FN:396,(anonymous_21)
FN:407,(anonymous_22)
FN:443,(anonymous_23)
FN:463,(anonymous_24)
FN:478,(anonymous_25)
FN:489,(anonymous_26)
FN:494,(anonymous_27)
FN:497,(anonymous_28)
FN:526,(anonymous_29)
FN:560,(anonymous_30)
FN:567,(anonymous_31)
FNF:30
FNH:0
FNDA:0,(anonymous_2)
FNDA:0,(anonymous_3)
FNDA:0,(anonymous_4)
FNDA:0,(anonymous_5)
FNDA:0,(anonymous_6)
FNDA:0,(anonymous_7)
FNDA:0,(anonymous_8)
FNDA:0,(anonymous_9)
FNDA:0,(anonymous_10)
FNDA:0,(anonymous_11)
FNDA:0,(anonymous_12)
FNDA:0,(anonymous_13)
FNDA:0,(anonymous_14)
FNDA:0,(anonymous_15)
FNDA:0,(anonymous_16)
FNDA:0,(anonymous_17)
FNDA:0,(anonymous_18)
FNDA:0,(anonymous_19)
FNDA:0,(anonymous_20)
FNDA:0,(anonymous_21)
FNDA:0,(anonymous_22)
FNDA:0,(anonymous_23)
FNDA:0,(anonymous_24)
FNDA:0,(anonymous_25)
FNDA:0,(anonymous_26)
FNDA:0,(anonymous_27)
FNDA:0,(anonymous_28)
FNDA:0,(anonymous_29)
FNDA:0,(anonymous_30)
FNDA:0,(anonymous_31)
DA:1,0
DA:7,0
DA:8,0
DA:13,0
DA:16,0
DA:17,0
DA:22,0
DA:33,0
DA:34,0
DA:44,0
DA:48,0
DA:50,0
DA:72,0
DA:74,0
DA:78,0
DA:89,0
DA:93,0
DA:106,0
DA:108,0
DA:119,0
DA:121,0
DA:125,0
DA:130,0
DA:139,0
DA:143,0
DA:145,0
DA:147,0
DA:151,0
DA:152,0
DA:155,0
DA:158,0
DA:160,0
DA:179,0
DA:180,0
DA:183,0
DA:200,0
DA:206,0
DA:211,0
DA:215,0
DA:216,0
DA:219,0
DA:223,0
DA:224,0
DA:226,0
DA:227,0
DA:230,0
DA:231,0
DA:238,0
DA:243,0
DA:247,0
DA:248,0
DA:254,0
DA:258,0
DA:259,0
DA:261,0
DA:262,0
DA:265,0
DA:269,0
DA:275,0
DA:277,0
DA:278,0
DA:281,0
DA:303,0
DA:308,0
DA:313,0
DA:317,0
DA:319,0
DA:321,0
DA:340,0
DA:353,0
DA:357,0
DA:358,0
DA:359,0
DA:362,0
DA:372,0
DA:376,0
DA:380,0
DA:381,0
DA:382,0
DA:385,0
DA:390,0
DA:402,0
DA:407,0
DA:409,0
DA:415,0
DA:429,0
DA:444,0
DA:447,0
DA:449,0
DA:451,0
DA:460,0
DA:464,0
DA:467,0
DA:469,0
DA:473,0
DA:479,0
DA:484,0
DA:490,0
DA:494,0
DA:498,0
DA:500,0
DA:514,0
DA:527,0
DA:531,0
DA:532,0
DA:533,0
DA:536,0
DA:540,0
DA:541,0
DA:544,0
DA:548,0
DA:553,0
DA:561,0
DA:564,0
DA:572,0
DA:575,0
DA:576,0
DA:577,0
LF:118
LH:0
BRDA:26,0,0,0
BRDA:26,0,1,0
BRDA:32,1,0,0
BRDA:32,1,1,0
BRDA:78,2,0,0
BRDA:78,2,1,0
BRDA:100,3,0,0
BRDA:100,3,1,0
BRDA:119,4,0,0
BRDA:119,4,1,0
BRDA:151,5,0,0
BRDA:151,5,1,0
BRDA:158,6,0,0
BRDA:158,6,1,0
BRDA:179,7,0,0
BRDA:179,7,1,0
BRDA:215,8,0,0
BRDA:215,8,1,0
BRDA:226,9,0,0
BRDA:226,9,1,0
BRDA:247,10,0,0
BRDA:247,10,1,0
BRDA:258,11,0,0
BRDA:258,11,1,0
BRDA:261,12,0,0
BRDA:261,12,1,0
BRDA:277,13,0,0
BRDA:277,13,1,0
BRDA:277,14,0,0
BRDA:277,14,1,0
BRDA:286,15,0,0
BRDA:286,15,1,0
BRDA:347,16,0,0
BRDA:347,16,1,0
BRDA:357,17,0,0
BRDA:357,17,1,0
BRDA:358,18,0,0
BRDA:358,18,1,0
BRDA:380,19,0,0
BRDA:380,19,1,0
BRDA:381,20,0,0
BRDA:381,20,1,0
BRDA:407,21,0,0
BRDA:407,21,1,0
BRDA:423,22,0,0
BRDA:423,22,1,0
BRDA:424,23,0,0
BRDA:424,23,1,0
BRDA:433,24,0,0
BRDA:433,24,1,0
BRDA:434,25,0,0
BRDA:434,25,1,0
BRDA:436,26,0,0
BRDA:436,26,1,0
BRDA:447,27,0,0
BRDA:447,27,1,0
BRDA:467,28,0,0
BRDA:467,28,1,0
BRDA:521,29,0,0
BRDA:521,29,1,0
BRDA:531,30,0,0
BRDA:531,30,1,0
BRDA:532,31,0,0
BRDA:532,31,1,0
BRDA:540,32,0,0
BRDA:540,32,1,0
BRDA:564,33,0,0
BRDA:564,33,1,0
BRDA:575,34,0,0
BRDA:575,34,1,0
BRDA:576,35,0,0
BRDA:576,35,1,0
BRDA:17,36,0,0
BRDA:17,36,1,0
BRDA:17,37,0,0
BRDA:17,37,1,0
BRF:76
BRH:0
end_of_record
TN:
SF:src/modules/chat/dto/add-member.dto.ts
FNF:0
FNH:0
DA:1,0
DA:2,0
DA:4,0
DA:12,0
LF:4
LH:0
BRF:0
BRH:0
end_of_record
TN:
SF:src/modules/chat/dto/create-room.dto.ts
FN:12,(anonymous_2)
FNF:1
FNH:0
FNDA:0,(anonymous_2)
DA:1,0
DA:2,0
DA:12,0
DA:13,0
DA:14,0
DA:17,0
DA:21,0
DA:27,0
DA:32,0
DA:37,0
DA:47,0
LF:11
LH:0
BRDA:12,0,0,0
BRDA:12,0,1,0
BRF:2
BRH:0
end_of_record
TN:
SF:src/modules/chat/dto/search-messages.dto.ts
FNF:0
FNH:0
DA:1,0
DA:2,0
DA:3,0
DA:5,0
DA:9,0
DA:14,0
LF:6
LH:0
BRF:0
BRH:0
end_of_record
TN:
SF:src/modules/chat/dto/send-message.dto.ts
FN:12,(anonymous_2)
FNF:1
FNH:0
FNDA:0,(anonymous_2)
DA:1,0
DA:2,0
DA:12,0
DA:13,0
DA:14,0
DA:15,0
DA:18,0
DA:26,0
DA:31,0
DA:36,0
DA:41,0
DA:47,0
DA:52,0
LF:13
LH:0
BRDA:12,0,0,0
BRDA:12,0,1,0
BRF:2
BRH:0
end_of_record
TN:
SF:src/modules/chat/dto/update-room.dto.ts
FNF:0
FNH:0
DA:1,0
DA:2,0
DA:4,0
DA:9,0
DA:15,0
DA:20,0
LF:6
LH:0
BRF:0
BRH:0
end_of_record
TN:
SF:src/modules/company/company.controller.ts
FN:10,(anonymous_4)
FN:14,(anonymous_5)
FN:20,(anonymous_6)
FN:26,(anonymous_7)
FN:32,(anonymous_8)
FN:38,(anonymous_9)
FN:44,(anonymous_10)
FN:52,(anonymous_11)
FN:68,(anonymous_12)
FN:95,(anonymous_13)
FN:124,(anonymous_14)
FN:148,(anonymous_15)
FN:173,(anonymous_16)
FNF:13
FNH:0
FNDA:0,(anonymous_4)
FNDA:0,(anonymous_5)
FNDA:0,(anonymous_6)
FNDA:0,(anonymous_7)
FNDA:0,(anonymous_8)
FNDA:0,(anonymous_9)
FNDA:0,(anonymous_10)
FNDA:0,(anonymous_11)
FNDA:0,(anonymous_12)
FNDA:0,(anonymous_13)
FNDA:0,(anonymous_14)
FNDA:0,(anonymous_15)
FNDA:0,(anonymous_16)
DA:1,0
DA:2,0
DA:3,0
DA:4,0
DA:9,0
DA:10,0
DA:14,0
DA:15,0
DA:20,0
DA:21,0
DA:26,0
DA:27,0
DA:32,0
DA:33,0
DA:38,0
DA:39,0
DA:44,0
DA:45,0
DA:52,0
DA:57,0
DA:68,0
DA:73,0
DA:95,0
DA:103,0
DA:124,0
DA:132,0
DA:148,0
DA:153,0
DA:173,0
DA:181,0
LF:30
LH:0
BRDA:59,0,0,0
BRDA:59,0,1,0
BRDA:60,1,0,0
BRDA:60,1,1,0
BRDA:75,2,0,0
BRDA:75,2,1,0
BRDA:76,3,0,0
BRDA:76,3,1,0
BRDA:105,4,0,0
BRDA:105,4,1,0
BRDA:108,5,0,0
BRDA:108,5,1,0
BRDA:109,6,0,0
BRDA:109,6,1,0
BRDA:134,7,0,0
BRDA:134,7,1,0
BRDA:137,8,0,0
BRDA:137,8,1,0
BRDA:138,9,0,0
BRDA:138,9,1,0
BRDA:155,10,0,0
BRDA:155,10,1,0
BRDA:156,11,0,0
BRDA:156,11,1,0
BRDA:183,12,0,0
BRDA:183,12,1,0
BRDA:186,13,0,0
BRDA:186,13,1,0
BRDA:187,14,0,0
BRDA:187,14,1,0
BRDA:10,15,0,0
BRDA:10,15,1,0
BRDA:10,16,0,0
BRDA:10,16,1,0
BRF:34
BRH:0
end_of_record
TN:
SF:src/modules/company/company.module.ts
FNF:0
FNH:0
DA:1,0
DA:2,0
DA:3,0
DA:10,0
LF:4
LH:0
BRF:0
BRH:0
end_of_record
TN:
SF:src/modules/company/company.service.ts
FN:8,(anonymous_2)
FN:10,(anonymous_3)
FN:12,(anonymous_4)
FN:13,(anonymous_5)
FN:19,(anonymous_6)
FN:39,(anonymous_7)
FN:41,(anonymous_8)
FN:42,(anonymous_9)
FN:43,(anonymous_10)
FN:49,(anonymous_11)
FN:62,(anonymous_12)
FN:75,(anonymous_13)
FN:77,(anonymous_14)
FN:78,(anonymous_15)
FN:84,(anonymous_16)
FN:86,(anonymous_17)
FN:87,(anonymous_18)
FN:93,(anonymous_19)
FN:106,(anonymous_20)
FN:125,(anonymous_21)
FN:161,(anonymous_22)
FN:185,(anonymous_23)
FN:221,(anonymous_24)
FN:223,(anonymous_25)
FN:224,(anonymous_26)
FN:231,(anonymous_27)
FN:250,(anonymous_28)
FN:285,(anonymous_29)
FN:307,(anonymous_30)
FN:318,(anonymous_31)
FN:333,(anonymous_32)
FN:340,(anonymous_33)
FN:351,(anonymous_34)
FN:357,(anonymous_35)
FN:365,(anonymous_36)
FN:375,(anonymous_37)
FN:388,(anonymous_38)
FN:398,(anonymous_39)
FN:408,(anonymous_40)
FNF:39
FNH:0
FNDA:0,(anonymous_2)
FNDA:0,(anonymous_3)
FNDA:0,(anonymous_4)
FNDA:0,(anonymous_5)
FNDA:0,(anonymous_6)
FNDA:0,(anonymous_7)
FNDA:0,(anonymous_8)
FNDA:0,(anonymous_9)
FNDA:0,(anonymous_10)
FNDA:0,(anonymous_11)
FNDA:0,(anonymous_12)
FNDA:0,(anonymous_13)
FNDA:0,(anonymous_14)
FNDA:0,(anonymous_15)
FNDA:0,(anonymous_16)
FNDA:0,(anonymous_17)
FNDA:0,(anonymous_18)
FNDA:0,(anonymous_19)
FNDA:0,(anonymous_20)
FNDA:0,(anonymous_21)
FNDA:0,(anonymous_22)
FNDA:0,(anonymous_23)
FNDA:0,(anonymous_24)
FNDA:0,(anonymous_25)
FNDA:0,(anonymous_26)
FNDA:0,(anonymous_27)
FNDA:0,(anonymous_28)
FNDA:0,(anonymous_29)
FNDA:0,(anonymous_30)
FNDA:0,(anonymous_31)
FNDA:0,(anonymous_32)
FNDA:0,(anonymous_33)
FNDA:0,(anonymous_34)
FNDA:0,(anonymous_35)
FNDA:0,(anonymous_36)
FNDA:0,(anonymous_37)
FNDA:0,(anonymous_38)
FNDA:0,(anonymous_39)
FNDA:0,(anonymous_40)
DA:1,0
DA:2,0
DA:3,0
DA:4,0
DA:7,0
DA:8,0
DA:11,0
DA:12,0
DA:13,0
DA:16,0
DA:20,0
DA:30,0
DA:33,0
DA:40,0
DA:41,0
DA:43,0
DA:46,0
DA:50,0
DA:53,0
DA:56,0
DA:63,0
DA:66,0
DA:69,0
DA:76,0
DA:77,0
DA:78,0
DA:81,0
DA:85,0
DA:86,0
DA:87,0
DA:90,0
DA:94,0
DA:98,0
DA:114,0
DA:122,0
DA:123,0
DA:125,0
DA:153,0
DA:169,0
DA:171,0
DA:172,0
DA:173,0
DA:174,0
DA:176,0
DA:179,0
DA:183,0
DA:184,0
DA:185,0
DA:213,0
DA:222,0
DA:223,0
DA:224,0
DA:227,0
DA:239,0
DA:247,0
DA:248,0
DA:250,0
DA:274,0
DA:293,0
DA:294,0
DA:295,0
DA:296,0
DA:297,0
DA:299,0
DA:301,0
DA:312,0
DA:316,0
DA:317,0
DA:318,0
DA:334,0
DA:341,0
DA:352,0
DA:358,0
DA:366,0
DA:376,0
DA:382,0
DA:385,0
DA:389,0
DA:392,0
DA:395,0
DA:399,0
DA:402,0
DA:405,0
DA:409,0
DA:412,0
DA:416,0
LF:86
LH:0
BRDA:35,0,0,0
BRDA:35,0,1,0
BRDA:43,1,0,0
BRDA:43,1,1,0
BRDA:58,2,0,0
BRDA:58,2,1,0
BRDA:71,3,0,0
BRDA:71,3,1,0
BRDA:84,4,0,0
BRDA:84,5,0,0
BRDA:93,6,0,0
BRDA:93,7,0,0
BRDA:108,8,0,0
BRDA:111,9,0,0
BRDA:112,10,0,0
BRDA:122,11,0,0
BRDA:122,11,1,0
BRDA:123,12,0,0
BRDA:123,12,1,0
BRDA:127,13,0,0
BRDA:127,13,1,0
BRDA:128,14,0,0
BRDA:128,14,1,0
BRDA:129,15,0,0
BRDA:129,15,1,0
BRDA:130,16,0,0
BRDA:130,16,1,0
BRDA:132,17,0,0
BRDA:132,17,1,0
BRDA:132,18,0,0
BRDA:132,18,1,0
BRDA:134,19,0,0
BRDA:134,19,1,0
BRDA:134,20,0,0
BRDA:134,20,1,0
BRDA:136,21,0,0
BRDA:136,21,1,0
BRDA:137,22,0,0
BRDA:137,22,1,0
BRDA:138,23,0,0
BRDA:138,23,1,0
BRDA:139,24,0,0
BRDA:139,24,1,0
BRDA:141,25,0,0
BRDA:141,25,1,0
BRDA:141,26,0,0
BRDA:141,26,1,0
BRDA:143,27,0,0
BRDA:143,27,1,0
BRDA:143,28,0,0
BRDA:143,28,1,0
BRDA:145,29,0,0
BRDA:145,29,1,0
BRDA:146,30,0,0
BRDA:146,30,1,0
BRDA:148,31,0,0
BRDA:148,31,1,0
BRDA:150,32,0,0
BRDA:150,32,1,0
BRDA:163,33,0,0
BRDA:166,34,0,0
BRDA:167,35,0,0
BRDA:169,36,0,0
BRDA:169,36,1,0
BRDA:172,37,0,0
BRDA:172,37,1,0
BRDA:172,38,0,0
BRDA:172,38,1,0
BRDA:183,39,0,0
BRDA:183,39,1,0
BRDA:184,40,0,0
BRDA:184,40,1,0
BRDA:188,41,0,0
BRDA:188,41,1,0
BRDA:189,42,0,0
BRDA:189,42,1,0
BRDA:190,43,0,0
BRDA:190,43,1,0
BRDA:191,44,0,0
BRDA:191,44,1,0
BRDA:193,45,0,0
BRDA:193,45,1,0
BRDA:193,46,0,0
BRDA:193,46,1,0
BRDA:195,47,0,0
BRDA:195,47,1,0
BRDA:195,48,0,0
BRDA:195,48,1,0
BRDA:197,49,0,0
BRDA:197,49,1,0
BRDA:198,50,0,0
BRDA:198,50,1,0
BRDA:199,51,0,0
BRDA:199,51,1,0
BRDA:200,52,0,0
BRDA:200,52,1,0
BRDA:202,53,0,0
BRDA:202,53,1,0
BRDA:202,54,0,0
BRDA:202,54,1,0
BRDA:204,55,0,0
BRDA:204,55,1,0
BRDA:204,56,0,0
BRDA:204,56,1,0
BRDA:206,57,0,0
BRDA:206,57,1,0
BRDA:207,58,0,0
BRDA:207,58,1,0
BRDA:209,59,0,0
BRDA:209,59,1,0
BRDA:210,60,0,0
BRDA:210,60,1,0
BRDA:221,61,0,0
BRDA:221,62,0,0
BRDA:233,63,0,0
BRDA:236,64,0,0
BRDA:237,65,0,0
BRDA:247,66,0,0
BRDA:247,66,1,0
BRDA:248,67,0,0
BRDA:248,67,1,0
BRDA:253,68,0,0
BRDA:253,68,1,0
BRDA:254,69,0,0
BRDA:254,69,1,0
BRDA:256,70,0,0
BRDA:256,70,1,0
BRDA:256,71,0,0
BRDA:256,71,1,0
BRDA:258,72,0,0
BRDA:258,72,1,0
BRDA:259,73,0,0
BRDA:259,73,1,0
BRDA:261,74,0,0
BRDA:261,74,1,0
BRDA:262,75,0,0
BRDA:262,75,1,0
BRDA:264,76,0,0
BRDA:264,76,1,0
BRDA:265,77,0,0
BRDA:265,77,1,0
BRDA:268,78,0,0
BRDA:268,78,1,0
BRDA:268,79,0,0
BRDA:268,79,1,0
BRDA:270,80,0,0
BRDA:270,80,1,0
BRDA:271,81,0,0
BRDA:271,81,1,0
BRDA:290,82,0,0
BRDA:291,83,0,0
BRDA:293,84,0,0
BRDA:293,84,1,0
BRDA:295,85,0,0
BRDA:295,85,1,0
BRDA:295,86,0,0
BRDA:295,86,1,0
BRDA:316,87,0,0
BRDA:316,87,1,0
BRDA:317,88,0,0
BRDA:317,88,1,0
BRDA:319,89,0,0
BRDA:319,89,1,0
BRDA:319,89,2,0
BRDA:320,90,0,0
BRDA:320,90,1,0
BRDA:320,90,2,0
BRDA:321,91,0,0
BRDA:321,91,1,0
BRDA:321,91,2,0
BRDA:322,92,0,0
BRDA:322,92,1,0
BRDA:323,93,0,0
BRDA:323,93,1,0
BRDA:324,94,0,0
BRDA:324,94,1,0
BRDA:325,95,0,0
BRDA:325,95,1,0
BRDA:326,96,0,0
BRDA:326,96,1,0
BRDA:326,96,2,0
BRDA:327,97,0,0
BRDA:327,97,1,0
BRDA:328,98,0,0
BRDA:328,98,1,0
BRDA:329,99,0,0
BRDA:329,99,1,0
BRDA:342,100,0,0
BRDA:342,100,1,0
BRDA:343,101,0,0
BRDA:343,101,1,0
BRDA:344,102,0,0
BRDA:344,102,1,0
BRDA:345,103,0,0
BRDA:345,103,1,0
BRDA:385,104,0,0
BRDA:385,104,1,0
BRDA:395,105,0,0
BRDA:395,105,1,0
BRDA:405,106,0,0
BRDA:405,106,1,0
BRDA:416,107,0,0
BRDA:416,107,1,0
BRDA:8,108,0,0
BRDA:8,108,1,0
BRDA:8,109,0,0
BRDA:8,109,1,0
BRF:207
BRH:0
end_of_record
TN:
SF:src/modules/financial/financial.controller.ts
FN:10,(anonymous_4)
FN:32,(anonymous_5)
FN:56,(anonymous_6)
FN:62,(anonymous_7)
FNF:4
FNH:0
FNDA:0,(anonymous_4)
FNDA:0,(anonymous_5)
FNDA:0,(anonymous_6)
FNDA:0,(anonymous_7)
DA:1,0
DA:2,0
DA:3,0
DA:4,0
DA:9,0
DA:10,0
DA:32,0
DA:39,0
DA:56,0
DA:57,0
DA:62,0
DA:63,0
LF:12
LH:0
BRDA:41,0,0,0
BRDA:41,0,1,0
BRDA:42,1,0,0
BRDA:42,1,1,0
BRDA:43,2,0,0
BRDA:43,2,1,0
BRDA:44,3,0,0
BRDA:44,3,1,0
BRDA:57,4,0,0
BRDA:57,4,1,0
BRDA:10,5,0,0
BRDA:10,5,1,0
BRDA:10,6,0,0
BRDA:10,6,1,0
BRF:14
BRH:0
end_of_record
TN:
SF:src/modules/financial/financial.module.ts
FNF:0
FNH:0
DA:1,0
DA:2,0
DA:3,0
DA:9,0
LF:4
LH:0
BRF:0
BRH:0
end_of_record
TN:
SF:src/modules/financial/financial.service.ts
FN:7,(anonymous_2)
FN:10,(anonymous_3)
FN:18,(anonymous_4)
FN:19,(anonymous_5)
FN:26,(anonymous_6)
FN:52,(anonymous_7)
FN:67,(anonymous_8)
FN:98,(anonymous_9)
FN:99,(anonymous_10)
FNF:9
FNH:0
FNDA:0,(anonymous_2)
FNDA:0,(anonymous_3)
FNDA:0,(anonymous_4)
FNDA:0,(anonymous_5)
FNDA:0,(anonymous_6)
FNDA:0,(anonymous_7)
FNDA:0,(anonymous_8)
FNDA:0,(anonymous_9)
FNDA:0,(anonymous_10)
DA:1,0
DA:2,0
DA:3,0
DA:6,0
DA:7,0
DA:17,0
DA:18,0
DA:19,0
DA:22,0
DA:27,0
DA:41,0
DA:45,0
DA:53,0
DA:58,0
DA:59,0
DA:74,0
DA:75,0
DA:83,0
DA:84,0
DA:85,0
DA:87,0
DA:90,0
DA:99,0
LF:23
LH:0
BRDA:14,0,0,0
BRDA:15,1,0,0
BRDA:19,2,0,0
BRDA:19,2,1,0
BRDA:47,3,0,0
BRDA:47,3,1,0
BRDA:61,4,0,0
BRDA:61,4,1,0
BRDA:83,5,0,0
BRDA:83,5,1,0
BRDA:7,6,0,0
BRDA:7,6,1,0
BRDA:7,7,0,0
BRDA:7,7,1,0
BRF:14
BRH:0
end_of_record
TN:
SF:src/modules/listing/listing.controller.ts
FN:10,(anonymous_4)
FN:19,(anonymous_5)
FN:26,(anonymous_6)
FN:32,(anonymous_7)
FN:38,(anonymous_8)
FN:44,(anonymous_9)
FNF:6
FNH:0
FNDA:0,(anonymous_4)
FNDA:0,(anonymous_5)
FNDA:0,(anonymous_6)
FNDA:0,(anonymous_7)
FNDA:0,(anonymous_8)
FNDA:0,(anonymous_9)
DA:1,0
DA:2,0
DA:3,0
DA:4,0
DA:9,0
DA:10,0
DA:19,0
DA:20,0
DA:21,0
DA:26,0
DA:27,0
DA:32,0
DA:33,0
DA:38,0
DA:39,0
DA:44,0
DA:45,0
LF:17
LH:0
BRDA:20,0,0,0
BRDA:20,0,1,0
BRDA:10,1,0,0
BRDA:10,1,1,0
BRDA:10,2,0,0
BRDA:10,2,1,0
BRF:6
BRH:0
end_of_record
TN:
SF:src/modules/listing/listing.module.ts
FNF:0
FNH:0
DA:1,0
DA:2,0
DA:3,0
DA:10,0
LF:4
LH:0
BRF:0
BRH:0
end_of_record
TN:
SF:src/modules/listing/listing.service.ts
FN:13,(anonymous_2)
FN:16,(anonymous_3)
FN:18,(anonymous_4)
FN:19,(anonymous_5)
FN:26,(anonymous_6)
FN:28,(anonymous_7)
FN:29,(anonymous_8)
FN:36,(anonymous_9)
FN:42,(anonymous_10)
FN:45,(anonymous_11)
FN:51,(anonymous_12)
FN:79,(anonymous_13)
FN:98,(anonymous_14)
FN:100,(anonymous_15)
FN:112,(anonymous_16)
FN:120,(anonymous_17)
FN:122,(anonymous_18)
FN:134,(anonymous_19)
FN:138,(anonymous_20)
FNF:19
FNH:0
FNDA:0,(anonymous_2)
FNDA:0,(anonymous_3)
FNDA:0,(anonymous_4)
FNDA:0,(anonymous_5)
FNDA:0,(anonymous_6)
FNDA:0,(anonymous_7)
FNDA:0,(anonymous_8)
FNDA:0,(anonymous_9)
FNDA:0,(anonymous_10)
FNDA:0,(anonymous_11)
FNDA:0,(anonymous_12)
FNDA:0,(anonymous_13)
FNDA:0,(anonymous_14)
FNDA:0,(anonymous_15)
FNDA:0,(anonymous_16)
FNDA:0,(anonymous_17)
FNDA:0,(anonymous_18)
FNDA:0,(anonymous_19)
FNDA:0,(anonymous_20)
DA:1,0
DA:2,0
DA:3,0
DA:7,0
DA:10,0
DA:11,0
DA:13,0
DA:17,0
DA:18,0
DA:19,0
DA:22,0
DA:27,0
DA:28,0
DA:29,0
DA:32,0
DA:37,0
DA:38,0
DA:43,0
DA:44,0
DA:45,0
DA:47,0
DA:52,0
DA:71,0
DA:72,0
DA:80,0
DA:89,0
DA:90,0
DA:99,0
DA:100,0
DA:113,0
DA:114,0
DA:115,0
DA:121,0
DA:122,0
DA:135,0
DA:138,0
LF:36
LH:0
BRDA:44,0,0,0
BRDA:44,0,1,0
BRDA:45,1,0,0
BRDA:45,1,1,0
BRDA:45,1,2,0
BRDA:74,2,0,0
BRDA:74,2,1,0
BRDA:92,3,0,0
BRDA:92,3,1,0
BRDA:104,4,0,0
BRDA:104,4,1,0
BRDA:106,5,0,0
BRDA:106,5,1,0
BRDA:107,6,0,0
BRDA:107,6,1,0
BRDA:108,7,0,0
BRDA:108,7,1,0
BRDA:113,8,0,0
BRDA:113,8,1,0
BRDA:115,9,0,0
BRDA:115,9,1,0
BRDA:115,9,2,0
BRDA:127,10,0,0
BRDA:127,10,1,0
BRDA:13,11,0,0
BRDA:13,11,1,0
BRDA:13,12,0,0
BRDA:13,12,1,0
BRF:28
BRH:0
end_of_record
TN:
SF:src/modules/payments/payments.controller.ts
FN:20,(anonymous_4)
FN:25,(anonymous_5)
FN:32,(anonymous_6)
FN:43,(anonymous_7)
FN:50,(anonymous_8)
FNF:5
FNH:0
FNDA:0,(anonymous_4)
FNDA:0,(anonymous_5)
FNDA:0,(anonymous_6)
FNDA:0,(anonymous_7)
FNDA:0,(anonymous_8)
DA:1,0
DA:10,0
DA:11,0
DA:12,0
DA:13,0
DA:14,0
DA:15,0
DA:19,0
DA:20,0
DA:25,0
DA:26,0
DA:32,0
DA:36,0
DA:43,0
DA:44,0
DA:50,0
DA:54,0
LF:17
LH:0
BRDA:34,0,0,0
BRDA:34,0,1,0
BRDA:34,1,0,0
BRDA:34,1,1,0
BRDA:52,2,0,0
BRDA:52,2,1,0
BRDA:52,3,0,0
BRDA:52,3,1,0
BRDA:20,4,0,0
BRDA:20,4,1,0
BRDA:20,5,0,0
BRDA:20,5,1,0
BRF:12
BRH:0
end_of_record
TN:
SF:src/modules/payments/payments.module.ts
FNF:0
FNH:0
DA:1,0
DA:2,0
DA:3,0
DA:10,0
LF:4
LH:0
BRF:0
BRH:0
end_of_record
TN:
SF:src/modules/payments/payments.service.ts
FN:39,(anonymous_2)
FN:56,(anonymous_3)
FN:101,(anonymous_4)
FN:135,(anonymous_5)
FN:174,(anonymous_6)
FN:198,(anonymous_7)
FN:199,(anonymous_8)
FN:215,(anonymous_9)
FN:225,(anonymous_10)
FN:241,(anonymous_11)
FN:242,(anonymous_12)
FNF:11
FNH:0
FNDA:0,(anonymous_2)
FNDA:0,(anonymous_3)
FNDA:0,(anonymous_4)
FNDA:0,(anonymous_5)
FNDA:0,(anonymous_6)
FNDA:0,(anonymous_7)
FNDA:0,(anonymous_8)
FNDA:0,(anonymous_9)
FNDA:0,(anonymous_10)
FNDA:0,(anonymous_11)
FNDA:0,(anonymous_12)
DA:1,0
DA:2,0
DA:3,0
DA:4,0
DA:5,0
DA:8,0
DA:10,0
DA:17,0
DA:24,0
DA:32,0
DA:33,0
DA:40,0
DA:41,0
DA:43,0
DA:44,0
DA:45,0
DA:46,0
DA:50,0
DA:57,0
DA:58,0
DA:59,0
DA:60,0
DA:62,0
DA:72,0
DA:86,0
DA:88,0
DA:102,0
DA:104,0
DA:105,0
DA:108,0
DA:110,0
DA:111,0
DA:112,0
DA:115,0
DA:119,0
DA:120,0
DA:121,0
DA:124,0
DA:125,0
DA:128,0
DA:129,0
DA:131,0
DA:132,0
DA:133,0
DA:135,0
DA:136,0
DA:145,0
DA:155,0
DA:164,0
DA:168,0
DA:175,0
DA:186,0
DA:199,0
DA:209,0
DA:216,0
DA:217,0
DA:220,0
DA:222,0
DA:226,0
DA:240,0
DA:241,0
DA:242,0
DA:245,0
LF:63
LH:0
BRDA:47,0,0,0
BRDA:47,0,1,0
BRDA:104,1,0,0
BRDA:104,1,1,0
BRDA:110,2,0,0
BRDA:110,2,1,0
BRDA:119,3,0,0
BRDA:119,3,1,0
BRDA:124,4,0,0
BRDA:124,4,1,0
BRDA:193,5,0,0
BRDA:193,5,1,0
BRDA:220,6,0,0
BRDA:220,6,1,0
BRDA:242,7,0,0
BRDA:242,7,1,0
BRDA:40,8,0,0
BRDA:40,8,1,0
BRDA:40,9,0,0
BRDA:40,9,1,0
BRDA:40,10,0,0
BRDA:40,10,1,0
BRDA:40,11,0,0
BRDA:40,11,1,0
BRF:24
BRH:0
end_of_record
TN:
SF:src/modules/payments/dto/create-checkout.dto.ts
FNF:0
FNH:0
DA:1,0
DA:2,0
DA:3,0
DA:5,0
DA:17,0
LF:5
LH:0
BRDA:17,0,0,0
BRDA:17,0,1,0
BRDA:17,1,0,0
BRDA:17,1,1,0
BRF:4
BRH:0
end_of_record
TN:
SF:src/modules/quote/quote.controller.ts
FN:10,(anonymous_4)
FN:30,(anonymous_5)
FN:53,(anonymous_6)
FNF:3
FNH:0
FNDA:0,(anonymous_4)
FNDA:0,(anonymous_5)
FNDA:0,(anonymous_6)
DA:1,0
DA:2,0
DA:3,0
DA:4,0
DA:9,0
DA:10,0
DA:30,0
DA:36,0
DA:53,0
DA:58,0
LF:10
LH:0
BRDA:36,0,0,0
BRDA:36,0,1,0
BRDA:60,1,0,0
BRDA:60,1,1,0
BRDA:61,2,0,0
BRDA:61,2,1,0
BRDA:10,3,0,0
BRDA:10,3,1,0
BRDA:10,4,0,0
BRDA:10,4,1,0
BRF:10
BRH:0
end_of_record
TN:
SF:src/modules/quote/quote.module.ts
FNF:0
FNH:0
DA:1,0
DA:2,0
DA:3,0
DA:10,0
LF:4
LH:0
BRF:0
BRH:0
end_of_record
TN:
SF:src/modules/quote/quote.service.ts
FN:13,(anonymous_2)
FN:16,(anonymous_3)
FN:23,(anonymous_4)
FN:24,(anonymous_5)
FN:31,(anonymous_6)
FN:33,(anonymous_7)
FN:34,(anonymous_8)
FN:42,(anonymous_9)
FN:64,(anonymous_10)
FN:81,(anonymous_11)
FN:92,(anonymous_12)
FN:106,(anonymous_13)
FN:143,(anonymous_14)
FN:150,(anonymous_15)
FN:162,(anonymous_16)
FNF:15
FNH:0
FNDA:0,(anonymous_2)
FNDA:0,(anonymous_3)
FNDA:0,(anonymous_4)
FNDA:0,(anonymous_5)
FNDA:0,(anonymous_6)
FNDA:0,(anonymous_7)
FNDA:0,(anonymous_8)
FNDA:0,(anonymous_9)
FNDA:0,(anonymous_10)
FNDA:0,(anonymous_11)
FNDA:0,(anonymous_12)
FNDA:0,(anonymous_13)
FNDA:0,(anonymous_14)
FNDA:0,(anonymous_15)
FNDA:0,(anonymous_16)
DA:1,0
DA:2,0
DA:3,0
DA:7,0
DA:10,0
DA:11,0
DA:13,0
DA:22,0
DA:23,0
DA:24,0
DA:27,0
DA:32,0
DA:33,0
DA:34,0
DA:37,0
DA:48,0
DA:49,0
DA:50,0
DA:51,0
DA:53,0
DA:54,0
DA:56,0
DA:61,0
DA:62,0
DA:64,0
DA:86,0
DA:91,0
DA:92,0
DA:107,0
DA:108,0
DA:110,0
DA:117,0
DA:119,0
DA:120,0
DA:121,0
DA:123,0
DA:124,0
DA:140,0
DA:144,0
DA:150,0
DA:163,0
DA:164,0
DA:165,0
DA:166,0
LF:44
LH:0
BRDA:18,0,0,0
BRDA:31,1,0,0
BRDA:31,2,0,0
BRDA:48,3,0,0
BRDA:48,3,1,0
BRDA:53,4,0,0
BRDA:53,4,1,0
BRDA:54,5,0,0
BRDA:54,5,1,0
BRDA:62,6,0,0
BRDA:62,6,1,0
BRDA:71,7,0,0
BRDA:71,7,1,0
BRDA:72,8,0,0
BRDA:72,8,1,0
BRDA:73,9,0,0
BRDA:73,9,1,0
BRDA:74,10,0,0
BRDA:74,10,1,0
BRDA:75,11,0,0
BRDA:75,11,1,0
BRDA:76,12,0,0
BRDA:76,12,1,0
BRDA:77,13,0,0
BRDA:77,13,1,0
BRDA:91,14,0,0
BRDA:91,14,1,0
BRDA:93,15,0,0
BRDA:93,15,1,0
BRDA:96,16,0,0
BRDA:96,16,1,0
BRDA:98,17,0,0
BRDA:98,17,1,0
BRDA:99,18,0,0
BRDA:99,18,1,0
BRDA:100,19,0,0
BRDA:100,19,1,0
BRDA:107,20,0,0
BRDA:107,20,1,0
BRDA:117,21,0,0
BRDA:117,21,1,0
BRDA:117,22,0,0
BRDA:117,22,1,0
BRDA:120,23,0,0
BRDA:120,23,1,0
BRDA:125,24,0,0
BRDA:125,24,1,0
BRDA:150,25,0,0
BRDA:150,25,1,0
BRDA:156,26,0,0
BRDA:156,26,1,0
BRDA:13,27,0,0
BRDA:13,27,1,0
BRDA:13,28,0,0
BRDA:13,28,1,0
BRF:55
BRH:0
end_of_record
TN:
SF:src/modules/stocks/stocks.controller.ts
FN:10,(anonymous_4)
FN:36,(anonymous_5)
FN:56,(anonymous_6)
FN:62,(anonymous_7)
FNF:4
FNH:0
FNDA:0,(anonymous_4)
FNDA:0,(anonymous_5)
FNDA:0,(anonymous_6)
FNDA:0,(anonymous_7)
DA:1,0
DA:2,0
DA:3,0
DA:4,0
DA:9,0
DA:10,0
DA:36,0
DA:44,0
DA:56,0
DA:57,0
DA:62,0
DA:63,0
LF:12
LH:0
BRDA:49,0,0,0
BRDA:49,0,1,0
BRDA:50,1,0,0
BRDA:50,1,1,0
BRDA:10,2,0,0
BRDA:10,2,1,0
BRDA:10,3,0,0
BRDA:10,3,1,0
BRF:8
BRH:0
end_of_record
TN:
SF:src/modules/stocks/stocks.module.ts
FNF:0
FNH:0
DA:1,0
DA:2,0
DA:3,0
DA:4,0
DA:12,0
LF:5
LH:0
BRF:0
BRH:0
end_of_record
TN:
SF:src/modules/stocks/stocks.service.ts
FN:29,(anonymous_2)
FN:35,(anonymous_3)
FN:91,(anonymous_4)
FN:98,(anonymous_5)
FN:114,(anonymous_6)
FN:122,(anonymous_7)
FN:195,(anonymous_8)
FN:228,(anonymous_9)
FN:249,(anonymous_10)
FN:265,(anonymous_11)
FNF:10
FNH:10
FNDA:16,(anonymous_2)
FNDA:8,(anonymous_3)
FNDA:4,(anonymous_4)
FNDA:8,(anonymous_5)
FNDA:4,(anonymous_6)
FNDA:7,(anonymous_7)
FNDA:4,(anonymous_8)
FNDA:2,(anonymous_9)
FNDA:2,(anonymous_10)
FNDA:2,(anonymous_11)
DA:1,1
DA:2,1
DA:3,1
DA:4,1
DA:8,1
DA:26,1
DA:27,16
DA:30,16
DA:31,16
DA:32,16
DA:43,8
DA:44,8
DA:53,8
DA:54,8
DA:55,1
DA:56,1
DA:61,1
DA:64,7
DA:73,7
DA:77,7
DA:83,7
DA:85,7
DA:86,7
DA:88,7
DA:95,4
DA:97,4
DA:99,8
DA:101,8
DA:102,2
DA:103,6
DA:104,5
DA:105,1
DA:109,0
DA:112,8
DA:115,4
DA:116,2
DA:118,2
DA:130,7
DA:132,7
DA:133,4
DA:134,4
DA:141,7
DA:142,1
DA:145,7
DA:146,1
DA:149,7
DA:150,0
DA:159,7
DA:161,7
DA:184,7
DA:196,4
DA:197,4
DA:199,4
DA:200,4
DA:201,1
DA:202,1
DA:207,1
DA:210,3
DA:214,3
DA:218,3
DA:219,2
DA:222,3
DA:223,3
DA:225,3
DA:229,2
DA:230,2
DA:232,2
DA:233,2
DA:234,1
DA:235,1
DA:236,1
DA:239,1
DA:245,1
DA:249,2
DA:257,1
DA:259,1
DA:260,1
DA:262,1
DA:266,2
DA:267,1
DA:269,2
DA:270,2
DA:271,2
LF:83
LH:81
BRDA:40,0,0,7
BRDA:41,1,0,7
BRDA:54,2,0,1
BRDA:54,2,1,7
BRDA:73,3,0,4
BRDA:73,3,1,3
BRDA:101,4,0,2
BRDA:101,4,1,6
BRDA:103,5,0,5
BRDA:103,5,1,1
BRDA:105,6,0,0
BRDA:105,6,1,1
BRDA:106,7,0,1
BRDA:106,7,1,1
BRDA:106,7,2,1
BRDA:115,8,0,2
BRDA:115,8,1,2
BRDA:116,9,0,2
BRDA:116,9,1,0
BRDA:116,10,0,2
BRDA:116,10,1,0
BRDA:127,11,0,0
BRDA:128,12,0,0
BRDA:132,13,0,4
BRDA:132,13,1,3
BRDA:141,14,0,1
BRDA:141,14,1,6
BRDA:145,15,0,1
BRDA:145,15,1,6
BRDA:149,16,0,0
BRDA:149,16,1,7
BRDA:151,17,0,0
BRDA:151,17,1,0
BRDA:200,18,0,1
BRDA:200,18,1,3
BRDA:214,19,0,1
BRDA:214,19,1,2
BRDA:218,20,0,2
BRDA:218,20,1,1
BRDA:233,21,0,1
BRDA:233,21,1,1
BRDA:266,22,0,1
BRDA:266,22,1,1
BRDA:272,23,0,2
BRDA:272,23,1,1
BRDA:30,24,0,1
BRDA:30,24,1,0
BRDA:30,25,0,1
BRDA:30,25,1,1
BRDA:30,26,0,1
BRDA:30,26,1,0
BRDA:30,27,0,1
BRDA:30,27,1,1
BRDA:31,28,0,1
BRDA:31,28,1,0
BRDA:31,29,0,1
BRDA:31,29,1,1
BRF:57
BRH:46
end_of_record
TN:
SF:src/modules/trading/trading.controller.ts
FN:10,(anonymous_4)
FN:27,(anonymous_5)
FNF:2
FNH:0
FNDA:0,(anonymous_4)
FNDA:0,(anonymous_5)
DA:1,0
DA:2,0
DA:3,0
DA:4,0
DA:9,0
DA:10,0
DA:27,0
DA:28,0
LF:8
LH:0
BRDA:28,0,0,0
BRDA:28,0,1,0
BRDA:10,1,0,0
BRDA:10,1,1,0
BRDA:10,2,0,0
BRDA:10,2,1,0
BRF:6
BRH:0
end_of_record
TN:
SF:src/modules/trading/trading.module.ts
FNF:0
FNH:0
DA:1,0
DA:2,0
DA:3,0
DA:10,0
LF:4
LH:0
BRF:0
BRH:0
end_of_record
TN:
SF:src/modules/trading/trading.service.ts
FN:9,(anonymous_2)
FN:12,(anonymous_3)
FN:13,(anonymous_4)
FN:15,(anonymous_5)
FN:16,(anonymous_6)
FN:24,(anonymous_7)
FN:31,(anonymous_8)
FN:63,(anonymous_9)
FN:68,(anonymous_10)
FN:89,(anonymous_11)
FN:90,(anonymous_12)
FNF:11
FNH:0
FNDA:0,(anonymous_2)
FNDA:0,(anonymous_3)
FNDA:0,(anonymous_4)
FNDA:0,(anonymous_5)
FNDA:0,(anonymous_6)
FNDA:0,(anonymous_7)
FNDA:0,(anonymous_8)
FNDA:0,(anonymous_9)
FNDA:0,(anonymous_10)
FNDA:0,(anonymous_11)
FNDA:0,(anonymous_12)
DA:1,0
DA:2,0
DA:3,0
DA:4,0
DA:5,0
DA:8,0
DA:9,0
DA:13,0
DA:14,0
DA:15,0
DA:16,0
DA:19,0
DA:25,0
DA:31,0
DA:64,0
DA:68,0
DA:69,0
DA:70,0
DA:71,0
DA:72,0
DA:73,0
DA:75,0
DA:89,0
DA:90,0
LF:24
LH:0
BRDA:31,0,0,0
BRDA:31,0,1,0
BRDA:33,1,0,0
BRDA:33,1,1,0
BRDA:68,2,0,0
BRDA:68,2,1,0
BRDA:69,3,0,0
BRDA:69,3,1,0
BRDA:70,4,0,0
BRDA:70,4,1,0
BRDA:71,5,0,0
BRDA:71,5,1,0
BRDA:72,6,0,0
BRDA:72,6,1,0
BRDA:73,7,0,0
BRDA:73,7,1,0
BRDA:9,8,0,0
BRDA:9,8,1,0
BRDA:9,9,0,0
BRDA:9,9,1,0
BRF:20
BRH:0
end_of_record
TN:
SF:src/modules/users/users.controller.ts
FN:22,(anonymous_4)
FN:26,(anonymous_5)
FN:32,(anonymous_6)
FN:44,(anonymous_7)
FN:51,(anonymous_8)
FN:58,(anonymous_9)
FN:65,(anonymous_10)
FNF:7
FNH:0
FNDA:0,(anonymous_4)
FNDA:0,(anonymous_5)
FNDA:0,(anonymous_6)
FNDA:0,(anonymous_7)
FNDA:0,(anonymous_8)
FNDA:0,(anonymous_9)
FNDA:0,(anonymous_10)
DA:1,0
DA:10,0
DA:11,0
DA:12,0
DA:13,0
DA:14,0
DA:15,0
DA:16,0
DA:21,0
DA:22,0
DA:26,0
DA:27,0
DA:32,0
DA:36,0
DA:44,0
DA:45,0
DA:51,0
DA:52,0
DA:58,0
DA:59,0
DA:65,0
DA:66,0
LF:22
LH:0
BRDA:34,0,0,0
BRDA:34,0,1,0
BRDA:34,1,0,0
BRDA:34,1,1,0
BRDA:44,2,0,0
BRDA:44,2,1,0
BRDA:44,3,0,0
BRDA:44,3,1,0
BRDA:22,4,0,0
BRDA:22,4,1,0
BRDA:22,5,0,0
BRDA:22,5,1,0
BRF:12
BRH:0
end_of_record
TN:
SF:src/modules/users/users.module.ts
FNF:0
FNH:0
DA:1,0
DA:2,0
DA:3,0
DA:10,0
LF:4
LH:0
BRF:0
BRH:0
end_of_record
TN:
SF:src/modules/users/users.service.ts
FN:10,(anonymous_11)
FN:12,(anonymous_12)
FN:38,(anonymous_13)
FN:69,(anonymous_14)
FN:101,(anonymous_15)
FN:128,(anonymous_16)
FN:151,(anonymous_17)
FNF:7
FNH:0
FNDA:0,(anonymous_11)
FNDA:0,(anonymous_12)
FNDA:0,(anonymous_13)
FNDA:0,(anonymous_14)
FNDA:0,(anonymous_15)
FNDA:0,(anonymous_16)
FNDA:0,(anonymous_17)
DA:1,0
DA:2,0
DA:3,0
DA:6,0
DA:9,0
DA:10,0
DA:13,0
DA:28,0
DA:29,0
DA:32,0
DA:39,0
DA:41,0
DA:42,0
DA:43,0
DA:45,0
DA:61,0
DA:70,0
DA:89,0
DA:102,0
DA:118,0
DA:119,0
DA:122,0
DA:129,0
DA:131,0
DA:132,0
DA:135,0
DA:145,0
DA:152,0
DA:154,0
DA:155,0
DA:158,0
DA:160,0
LF:32
LH:0
BRDA:28,0,0,0
BRDA:28,0,1,0
BRDA:41,1,0,0
BRDA:41,1,1,0
BRDA:42,2,0,0
BRDA:42,2,1,0
BRDA:43,3,0,0
BRDA:43,3,1,0
BRDA:96,4,0,0
BRDA:96,4,1,0
BRDA:118,5,0,0
BRDA:118,5,1,0
BRDA:131,6,0,0
BRDA:131,6,1,0
BRDA:154,7,0,0
BRDA:154,7,1,0
BRDA:10,8,0,0
BRDA:10,8,1,0
BRDA:10,9,0,0
BRDA:10,9,1,0
BRF:20
BRH:0
end_of_record
TN:
SF:src/modules/users/dto/update-user.dto.ts
FNF:0
FNH:0
DA:1,0
DA:2,0
DA:4,0
DA:8,0
DA:13,0
DA:19,0
LF:6
LH:0
BRF:0
BRH:0
end_of_record
TN:
SF:src/prisma/prisma.module.ts
FNF:0
FNH:0
DA:1,0
DA:2,0
DA:9,0
LF:3
LH:0
BRF:0
BRH:0
end_of_record
TN:
SF:src/prisma/prisma.service.ts
FN:10,(anonymous_2)
FN:16,(anonymous_3)
FN:20,(anonymous_4)
FNF:3
FNH:0
FNDA:0,(anonymous_2)
FNDA:0,(anonymous_3)
FNDA:0,(anonymous_4)
DA:1,1
DA:2,1
DA:3,1
DA:6,1
DA:11,0
DA:12,0
DA:13,0
DA:17,0
DA:21,0
LF:9
LH:4
BRF:0
BRH:0
end_of_record
TN:
SF:src/scripts/seed-stocks.ts
FN:35,main
FN:237,(anonymous_2)
FNF:2
FNH:0
FNDA:0,main
FNDA:0,(anonymous_2)
DA:7,0
DA:8,0
DA:9,0
DA:10,0
DA:11,0
DA:13,0
DA:22,0
DA:23,0
DA:29,0
DA:36,0
DA:38,0
DA:39,0
DA:40,0
DA:42,0
DA:44,0
DA:45,0
DA:49,0
DA:50,0
DA:53,0
DA:54,0
DA:58,0
DA:59,0
DA:62,0
DA:63,0
DA:65,0
DA:66,0
DA:67,0
DA:71,0
DA:72,0
DA:73,0
DA:74,0
DA:75,0
DA:85,0
DA:88,0
DA:89,0
DA:95,0
DA:110,0
DA:111,0
DA:116,0
DA:117,0
DA:118,0
DA:130,0
DA:132,0
DA:138,0
DA:139,0
DA:140,0
DA:141,0
DA:146,0
DA:148,0
DA:151,0
DA:152,0
DA:153,0
DA:155,0
DA:156,0
DA:157,0
DA:158,0
DA:159,0
DA:162,0
DA:163,0
DA:165,0
DA:167,0
DA:183,0
DA:188,0
DA:190,0
DA:191,0
DA:195,0
DA:198,0
DA:199,0
DA:212,0
DA:215,0
DA:216,0
DA:217,0
DA:222,0
DA:223,0
DA:224,0
DA:225,0
DA:226,0
DA:227,0
DA:228,0
DA:230,0
DA:232,0
DA:233,0
DA:237,0
DA:238,0
DA:239,0
LF:85
LH:0
BRDA:49,0,0,0
BRDA:49,0,1,0
BRDA:58,1,0,0
BRDA:58,1,1,0
BRDA:71,2,0,0
BRDA:71,2,1,0
BRDA:73,3,0,0
BRDA:73,3,1,0
BRDA:74,4,0,0
BRDA:74,4,1,0
BRDA:116,5,0,0
BRDA:116,5,1,0
BRDA:157,6,0,0
BRDA:157,6,1,0
BRDA:165,7,0,0
BRDA:165,7,1,0
BRDA:165,7,2,0
BRDA:168,8,0,0
BRDA:168,8,1,0
BRDA:168,8,2,0
BRDA:169,9,0,0
BRDA:169,9,1,0
BRDA:169,9,2,0
BRDA:171,10,0,0
BRDA:171,10,1,0
BRDA:172,11,0,0
BRDA:172,11,1,0
BRDA:173,12,0,0
BRDA:173,12,1,0
BRDA:174,13,0,0
BRDA:174,13,1,0
BRDA:175,14,0,0
BRDA:175,14,1,0
BRDA:176,15,0,0
BRDA:176,15,1,0
BRDA:177,16,0,0
BRDA:177,16,1,0
BRDA:178,17,0,0
BRDA:178,17,1,0
BRDA:179,18,0,0
BRDA:179,18,1,0
BRDA:180,19,0,0
BRDA:180,19,1,0
BRDA:190,20,0,0
BRDA:190,20,1,0
BRF:45
BRH:0
end_of_record
